2025-07-03 03:02:49,115 [ERROR] LogOutputStream:75 - [STDERR_REDIRECT] 
2025-07-03 12:03:15,139 [INFO] Activator:176 - 


2025-07-03 12:03:15,140 [INFO] Activator:177 - !SESSION log4j initialized
2025-07-03 12:03:19,789 [INFO] LogOutputStream:77 - [STDOUT_REDIRECT] 
2025-07-03 12:03:20,436 [INFO] ApplicationProperties:184 - Using Application install path: C:\ST\STM32CubeIDE_1.18.1\STM32CubeIDE\plugins\com.st.stm32cube.common.mx_6.14.1.202504091515
2025-07-03 12:03:20,453 [INFO] DbMcusXml:78 - Set database path to: C:\ST\STM32CubeIDE_1.18.1\STM32CubeIDE\plugins\com.st.stm32cube.common.mx_6.14.1.202504091515\\db\/mcu/
2025-07-03 12:03:20,454 [INFO] ApiDb:274 - Set plugin database path to: C:\ST\STM32CubeIDE_1.18.1\STM32CubeIDE\plugins\com.st.stm32cube.common.mx_6.14.1.202504091515\\db\/plugins/boardmanager/
2025-07-03 12:03:20,454 [WARN] ApiDb:259 - Overriding images path with different value:  => C:\ST\STM32CubeIDE_1.18.1\STM32CubeIDE\plugins\com.st.stm32cube.common.mx_6.14.1.202504091515\\db\/plugins/mcufinder/images/
2025-07-03 12:03:20,461 [INFO] ApiDb:250 - Set database path to: C:\Users\lenovo\.stmcufinder\plugins\mcufinder//mcu/
2025-07-03 12:03:20,462 [INFO] DbMcusAds:125 - Set database path to: C:\Users\lenovo\.stmcufinder\plugins\mcufinder//mcu/
2025-07-03 12:03:20,464 [INFO] CrossReferenceDbSqlite:203 - Set database path to: C:\Users\lenovo\.stmcufinder\plugins\mcufinder//mcu/cs/
2025-07-03 12:03:20,582 [INFO] RulesReader:64 - Compatibility file has been processed (302 Rules)
2025-07-03 12:03:20,655 [INFO] DbMcusXml:78 - Set database path to: C:\ST\STM32CubeIDE_1.18.1\STM32CubeIDE\plugins\com.st.stm32cube.common.mx_6.14.1.202504091515\\db\/mcu/
2025-07-03 12:03:20,655 [INFO] ApiDb:274 - Set plugin database path to: C:\ST\STM32CubeIDE_1.18.1\STM32CubeIDE\plugins\com.st.stm32cube.common.mx_6.14.1.202504091515\\db\/plugins/boardmanager/
2025-07-03 12:03:20,655 [INFO] ApiDb:261 - Set plugin images path to: C:\ST\STM32CubeIDE_1.18.1\STM32CubeIDE\plugins\com.st.stm32cube.common.mx_6.14.1.202504091515\\db\/plugins/mcufinder/images/
2025-07-03 12:03:20,655 [WARN] DbFile:41 - Overriding database path with different value: C:\Users\lenovo\.stmcufinder\plugins\mcufinder/ => C:\Users\lenovo\.stmcufinder\plugins\mcufinder
2025-07-03 12:03:20,655 [INFO] ApiDb:250 - Set database path to: C:\Users\lenovo\.stmcufinder\plugins\mcufinder//mcu/
2025-07-03 12:03:20,655 [WARN] DbFile:41 - Overriding database path with different value: C:\Users\lenovo\.stmcufinder\plugins\mcufinder/ => C:\Users\lenovo\.stmcufinder\plugins\mcufinder
2025-07-03 12:03:20,655 [INFO] DbMcusAds:125 - Set database path to: C:\Users\lenovo\.stmcufinder\plugins\mcufinder//mcu/
2025-07-03 12:03:20,655 [WARN] DbFile:41 - Overriding database path with different value: C:\Users\lenovo\.stmcufinder\plugins\mcufinder/ => C:\Users\lenovo\.stmcufinder\plugins\mcufinder
2025-07-03 12:03:20,655 [WARN] DbFile:41 - Overriding database path with different value: C:\Users\lenovo\.stmcufinder\plugins\mcufinder/ => C:\Users\lenovo\.stmcufinder\plugins\mcufinder
2025-07-03 12:03:20,657 [INFO] CrossReferenceDbSqlite:203 - Set database path to: C:\Users\lenovo\.stmcufinder\plugins\mcufinder//mcu/cs/
2025-07-03 12:03:20,727 [INFO] MainPanel:272 - HeapMemory: 268435456
2025-07-03 12:03:20,848 [INFO] DbMcusXml:78 - Set database path to: C:\ST\STM32CubeIDE_1.18.1\STM32CubeIDE\plugins\com.st.stm32cube.common.mx_6.14.1.202504091515\\db\/mcu/
2025-07-03 12:03:20,848 [INFO] ApiDb:274 - Set plugin database path to: C:\ST\STM32CubeIDE_1.18.1\STM32CubeIDE\plugins\com.st.stm32cube.common.mx_6.14.1.202504091515\\db\/plugins/boardmanager/
2025-07-03 12:03:20,848 [INFO] ApiDb:261 - Set plugin images path to: C:\ST\STM32CubeIDE_1.18.1\STM32CubeIDE\plugins\com.st.stm32cube.common.mx_6.14.1.202504091515\\db\/plugins/mcufinder/images/
2025-07-03 12:03:20,849 [WARN] DbFile:41 - Overriding database path with different value: C:\Users\lenovo\.stmcufinder\plugins\mcufinder/ => C:\Users\lenovo\.stmcufinder\plugins\mcufinder
2025-07-03 12:03:20,849 [INFO] ApiDb:250 - Set database path to: C:\Users\lenovo\.stmcufinder\plugins\mcufinder//mcu/
2025-07-03 12:03:20,849 [WARN] DbFile:41 - Overriding database path with different value: C:\Users\lenovo\.stmcufinder\plugins\mcufinder/ => C:\Users\lenovo\.stmcufinder\plugins\mcufinder
2025-07-03 12:03:20,849 [INFO] DbMcusAds:125 - Set database path to: C:\Users\lenovo\.stmcufinder\plugins\mcufinder//mcu/
2025-07-03 12:03:20,849 [WARN] DbFile:41 - Overriding database path with different value: C:\Users\lenovo\.stmcufinder\plugins\mcufinder/ => C:\Users\lenovo\.stmcufinder\plugins\mcufinder
2025-07-03 12:03:20,849 [WARN] DbFile:41 - Overriding database path with different value: C:\Users\lenovo\.stmcufinder\plugins\mcufinder/ => C:\Users\lenovo\.stmcufinder\plugins\mcufinder
2025-07-03 12:03:20,849 [INFO] CrossReferenceDbSqlite:203 - Set database path to: C:\Users\lenovo\.stmcufinder\plugins\mcufinder//mcu/cs/
2025-07-03 12:03:20,871 [INFO] ApplicationProperties:184 - Using Application install path: C:\ST\STM32CubeIDE_1.18.1\STM32CubeIDE\plugins\com.st.stm32cube.common.mx_6.14.1.202504091515
2025-07-03 12:03:20,872 [INFO] PluginManage:196 - Search for loadable plugins [exclusion list=, ]
2025-07-03 12:03:20,874 [INFO] PluginManage:310 - Check plugin analytics
2025-07-03 12:03:21,076 [INFO] AnalyticsPlugin:253 - Accepted Software Licenses: 
2025-07-03 12:03:21,077 [INFO] AnalyticsPlugin:255 - Accepted CMSIS Pack Licenses: 
2025-07-03 12:03:21,077 [INFO] AnalyticsPlugin:257 - Accepted Firmware Licenses: 
2025-07-03 12:03:21,079 [INFO] PluginManage:359 - Loaded plugin analytics (category:tool,tabindex:-1)
2025-07-03 12:03:21,080 [INFO] PluginManage:310 - Check plugin cadmodel
2025-07-03 12:03:21,086 [INFO] CADModel:105 - Init CAD model plugin
2025-07-03 12:03:21,086 [INFO] PluginManage:359 - Loaded plugin cadmodel (category:power,tabindex:5)
2025-07-03 12:03:21,086 [INFO] PluginManage:310 - Check plugin clock
2025-07-03 12:03:21,100 [INFO] PluginManage:359 - Loaded plugin clock (category:base,tabindex:2)
2025-07-03 12:03:21,100 [INFO] PluginManage:310 - Check plugin ddr
2025-07-03 12:03:21,104 [INFO] PluginManage:359 - Loaded plugin ddr (category:tool,tabindex:6)
2025-07-03 12:03:21,104 [INFO] PluginManage:310 - Check plugin filemanager
2025-07-03 12:03:21,253 [INFO] PluginManage:359 - Loaded plugin filemanager (category:base,tabindex:10)
2025-07-03 12:03:21,253 [INFO] PluginManage:310 - Check plugin ipmanager
2025-07-03 12:03:21,261 [INFO] PluginManage:359 - Loaded plugin ipmanager (category:base,tabindex:5)
2025-07-03 12:03:21,261 [INFO] PluginManage:310 - Check plugin lpbam
2025-07-03 12:03:21,271 [INFO] PluginManage:359 - Loaded plugin lpbam (category:base,tabindex:0)
2025-07-03 12:03:21,271 [INFO] PluginManage:310 - Check plugin memorymap
2025-07-03 12:03:21,287 [INFO] PluginManage:359 - Loaded plugin memorymap (category:base,tabindex:4)
2025-07-03 12:03:21,287 [INFO] PluginManage:310 - Check plugin pinoutandconfiguration
2025-07-03 12:03:21,297 [INFO] PluginManage:359 - Loaded plugin pinoutandconfiguration (category:base,tabindex:1)
2025-07-03 12:03:21,297 [INFO] PluginManage:310 - Check plugin pinoutconfig
2025-07-03 12:03:21,397 [WARN] SupportedApi:132 - Cannot load RTOS API schema: s4s-elt-must-match.1: The content of 'definitions' must match (annotation?, (simpleType | complexType)?, (unique | key | keyref)*)). A problem was found starting at: attribute.
2025-07-03 12:03:21,543 [INFO] PluginManage:359 - Loaded plugin pinoutconfig (category:base,tabindex:0)
2025-07-03 12:03:21,543 [INFO] PluginManage:310 - Check plugin power
2025-07-03 12:03:21,552 [INFO] PluginManage:359 - Loaded plugin power (category:power,tabindex:4)
2025-07-03 12:03:21,553 [INFO] PluginManage:310 - Check plugin projectmanager
2025-07-03 12:03:21,567 [INFO] PluginManage:359 - Loaded plugin projectmanager (category:projectmanager,tabindex:4)
2025-07-03 12:03:21,567 [INFO] PluginManage:310 - Check plugin rif
2025-07-03 12:03:21,579 [INFO] PluginManage:359 - Loaded plugin rif (category:base,tabindex:3)
2025-07-03 12:03:21,579 [INFO] PluginManage:310 - Check plugin thirdparty
2025-07-03 12:03:21,717 [WARN] IntegrityCheckThread:84 - waiting for thirdparty lock release [integrity check]
2025-07-03 12:03:21,717 [INFO] PluginManage:359 - Loaded plugin thirdparty (category:base,tabindex:-1)
2025-07-03 12:03:21,718 [INFO] IntegrityCheckThread:86 - entering critical section [integrity check]
2025-07-03 12:03:21,718 [INFO] PluginManage:310 - Check plugin tools
2025-07-03 12:03:21,718 [INFO] ThirdPartyUpdaterWithRetryManager:70 - Updater plugin not ready yet. [1/15]
2025-07-03 12:03:21,721 [INFO] PluginManage:359 - Loaded plugin tools (category:base,tabindex:7)
2025-07-03 12:03:21,721 [INFO] PluginManage:310 - Check plugin tutovideos
2025-07-03 12:03:21,885 [INFO] PluginManage:359 - Loaded plugin tutovideos (category:base,tabindex:-1)
2025-07-03 12:03:21,885 [INFO] PluginManage:310 - Check plugin updater
2025-07-03 12:03:21,904 [INFO] PluginManage:359 - Loaded plugin updater (category:base,tabindex:12)
2025-07-03 12:03:21,904 [INFO] PluginManage:310 - Check plugin userauth
2025-07-03 12:03:21,908 [INFO] UserAuth:118 - Init User Auth plugin
2025-07-03 12:03:21,908 [INFO] PluginManage:359 - Loaded plugin userauth (category:base,tabindex:14)
2025-07-03 12:03:21,909 [INFO] PluginManage:283 - PluginManage : Loaded plugins [18]
2025-07-03 12:03:22,099 [INFO] PinOutPanel:1589 - setPackage(No Configuration,No Configuration)
2025-07-03 12:03:22,193 [INFO] CADModel:165 - CPN selected for project level
2025-07-03 12:03:22,193 [INFO] CADModel:114 - Register for checkConnection events
2025-07-03 12:03:22,217 [INFO] IPUIPlugin:80 - create IPUIPlugin
2025-07-03 12:03:22,218 [INFO] PluginManager:220 - loadIPPluginJar : add adc
2025-07-03 12:03:22,222 [INFO] IPUIPlugin:80 - create IPUIPlugin
2025-07-03 12:03:22,223 [INFO] PluginManager:220 - loadIPPluginJar : add aes
2025-07-03 12:03:22,226 [INFO] IPUIPlugin:80 - create IPUIPlugin
2025-07-03 12:03:22,227 [INFO] PluginManager:220 - loadIPPluginJar : add can
2025-07-03 12:03:22,230 [INFO] IPUIPlugin:80 - create IPUIPlugin
2025-07-03 12:03:22,230 [INFO] PluginManager:220 - loadIPPluginJar : add comp
2025-07-03 12:03:22,235 [INFO] IPUIPlugin:80 - create IPUIPlugin
2025-07-03 12:03:22,235 [INFO] PluginManager:220 - loadIPPluginJar : add cryp
2025-07-03 12:03:22,240 [INFO] IPUIPlugin:80 - create IPUIPlugin
2025-07-03 12:03:22,241 [INFO] PluginManager:220 - loadIPPluginJar : add ddr_ctrl_phy
2025-07-03 12:03:22,246 [INFO] IPUIPlugin:80 - create IPUIPlugin
2025-07-03 12:03:22,246 [INFO] PluginManager:220 - loadIPPluginJar : add dfsdm
2025-07-03 12:03:22,257 [INFO] IPUIPlugin:80 - create IPUIPlugin
2025-07-03 12:03:22,258 [INFO] PluginManager:220 - loadIPPluginJar : add dma
2025-07-03 12:03:22,264 [INFO] IPUIPlugin:80 - create IPUIPlugin
2025-07-03 12:03:22,264 [INFO] PluginManager:220 - loadIPPluginJar : add dma3
2025-07-03 12:03:22,270 [INFO] IPUIPlugin:80 - create IPUIPlugin
2025-07-03 12:03:22,270 [INFO] PluginManager:220 - loadIPPluginJar : add extmemmanager
2025-07-03 12:03:22,273 [INFO] IPUIPlugin:80 - create IPUIPlugin
2025-07-03 12:03:22,274 [INFO] PluginManager:220 - loadIPPluginJar : add fatfs
2025-07-03 12:03:22,282 [INFO] IPUIPlugin:80 - create IPUIPlugin
2025-07-03 12:03:22,282 [INFO] PluginManager:220 - loadIPPluginJar : add fmc
2025-07-03 12:03:22,294 [INFO] IPUIPlugin:80 - create IPUIPlugin
2025-07-03 12:03:22,294 [INFO] PluginManager:220 - loadIPPluginJar : add freertos
2025-07-03 12:03:22,297 [INFO] IPUIPlugin:80 - create IPUIPlugin
2025-07-03 12:03:22,297 [INFO] PluginManager:220 - loadIPPluginJar : add genericplugin
2025-07-03 12:03:22,300 [INFO] IPUIPlugin:80 - create IPUIPlugin
2025-07-03 12:03:22,300 [INFO] PluginManager:220 - loadIPPluginJar : add gfxmmu
2025-07-03 12:03:22,307 [INFO] IPUIPlugin:80 - create IPUIPlugin
2025-07-03 12:03:22,308 [INFO] PluginManager:220 - loadIPPluginJar : add gic
2025-07-03 12:03:22,315 [INFO] IPUIPlugin:80 - create IPUIPlugin
2025-07-03 12:03:22,315 [INFO] PluginManager:220 - loadIPPluginJar : add gpio
2025-07-03 12:03:22,320 [INFO] IPUIPlugin:80 - create IPUIPlugin
2025-07-03 12:03:22,321 [INFO] PluginManager:220 - loadIPPluginJar : add gtzc
2025-07-03 12:03:22,324 [INFO] IPUIPlugin:80 - create IPUIPlugin
2025-07-03 12:03:22,324 [INFO] PluginManager:220 - loadIPPluginJar : add hash
2025-07-03 12:03:22,330 [INFO] IPUIPlugin:80 - create IPUIPlugin
2025-07-03 12:03:22,330 [INFO] PluginManager:220 - loadIPPluginJar : add i2c
2025-07-03 12:03:22,335 [INFO] IPUIPlugin:80 - create IPUIPlugin
2025-07-03 12:03:22,335 [INFO] PluginManager:220 - loadIPPluginJar : add i2s
2025-07-03 12:03:22,340 [INFO] IPUIPlugin:80 - create IPUIPlugin
2025-07-03 12:03:22,340 [INFO] PluginManager:220 - loadIPPluginJar : add i3c
2025-07-03 12:03:22,345 [INFO] IPUIPlugin:80 - create IPUIPlugin
2025-07-03 12:03:22,345 [INFO] PluginManager:220 - loadIPPluginJar : add ipddr
2025-07-03 12:03:22,366 [INFO] IPUIPlugin:80 - create IPUIPlugin
2025-07-03 12:03:22,366 [INFO] PluginManager:220 - loadIPPluginJar : add linkedlist
2025-07-03 12:03:22,371 [INFO] IPUIPlugin:80 - create IPUIPlugin
2025-07-03 12:03:22,371 [INFO] PluginManager:220 - loadIPPluginJar : add lorawan
2025-07-03 12:03:22,375 [INFO] IPUIPlugin:80 - create IPUIPlugin
2025-07-03 12:03:22,375 [INFO] PluginManager:220 - loadIPPluginJar : add ltdc
2025-07-03 12:03:22,382 [INFO] IPUIPlugin:80 - create IPUIPlugin
2025-07-03 12:03:22,382 [INFO] PluginManager:220 - loadIPPluginJar : add mdma
2025-07-03 12:03:22,387 [INFO] IPUIPlugin:80 - create IPUIPlugin
2025-07-03 12:03:22,388 [INFO] PluginManager:220 - loadIPPluginJar : add nvic
2025-07-03 12:03:22,392 [INFO] IPUIPlugin:80 - create IPUIPlugin
2025-07-03 12:03:22,392 [INFO] PluginManager:220 - loadIPPluginJar : add opamp
2025-07-03 12:03:22,396 [INFO] IPUIPlugin:80 - create IPUIPlugin
2025-07-03 12:03:22,396 [INFO] PluginManager:220 - loadIPPluginJar : add openamp
2025-07-03 12:03:22,400 [INFO] IPUIPlugin:80 - create IPUIPlugin
2025-07-03 12:03:22,401 [INFO] PluginManager:220 - loadIPPluginJar : add pdm2pcm
2025-07-03 12:03:22,412 [INFO] IPUIPlugin:80 - create IPUIPlugin
2025-07-03 12:03:22,415 [INFO] PluginManager:220 - loadIPPluginJar : add plateformsettings
2025-07-03 12:03:22,418 [INFO] IPUIPlugin:80 - create IPUIPlugin
2025-07-03 12:03:22,419 [INFO] PluginManager:220 - loadIPPluginJar : add quadspi
2025-07-03 12:03:22,422 [INFO] IPUIPlugin:80 - create IPUIPlugin
2025-07-03 12:03:22,423 [INFO] PluginManager:220 - loadIPPluginJar : add radio
2025-07-03 12:03:22,430 [INFO] IPUIPlugin:80 - create IPUIPlugin
2025-07-03 12:03:22,430 [INFO] PluginManager:220 - loadIPPluginJar : add resmgrutility
2025-07-03 12:03:22,435 [INFO] IPUIPlugin:80 - create IPUIPlugin
2025-07-03 12:03:22,435 [INFO] PluginManager:220 - loadIPPluginJar : add sai
2025-07-03 12:03:22,439 [INFO] IPUIPlugin:80 - create IPUIPlugin
2025-07-03 12:03:22,439 [INFO] PluginManager:220 - loadIPPluginJar : add spi
2025-07-03 12:03:22,449 [INFO] IPUIPlugin:80 - create IPUIPlugin
2025-07-03 12:03:22,450 [INFO] PluginManager:220 - loadIPPluginJar : add stm32_wpan
2025-07-03 12:03:22,454 [INFO] IPUIPlugin:80 - create IPUIPlugin
2025-07-03 12:03:22,454 [INFO] PluginManager:220 - loadIPPluginJar : add tim
2025-07-03 12:03:22,459 [INFO] IPUIPlugin:80 - create IPUIPlugin
2025-07-03 12:03:22,460 [INFO] PluginManager:220 - loadIPPluginJar : add touchsensing
2025-07-03 12:03:22,463 [INFO] IPUIPlugin:80 - create IPUIPlugin
2025-07-03 12:03:22,463 [INFO] PluginManager:220 - loadIPPluginJar : add tracer_emb
2025-07-03 12:03:22,465 [INFO] IPUIPlugin:80 - create IPUIPlugin
2025-07-03 12:03:22,465 [INFO] PluginManager:220 - loadIPPluginJar : add ts
2025-07-03 12:03:22,468 [INFO] IPUIPlugin:80 - create IPUIPlugin
2025-07-03 12:03:22,468 [INFO] PluginManager:220 - loadIPPluginJar : add tsc
2025-07-03 12:03:22,470 [INFO] IPUIPlugin:80 - create IPUIPlugin
2025-07-03 12:03:22,470 [INFO] PluginManager:220 - loadIPPluginJar : add ucpd
2025-07-03 12:03:22,473 [INFO] IPUIPlugin:80 - create IPUIPlugin
2025-07-03 12:03:22,473 [INFO] PluginManager:220 - loadIPPluginJar : add usart
2025-07-03 12:03:22,476 [INFO] IPUIPlugin:80 - create IPUIPlugin
2025-07-03 12:03:22,477 [INFO] PluginManager:220 - loadIPPluginJar : add usbx
2025-07-03 12:03:22,595 [FATAL] Updater:351 - Updater called before beeing initialized
2025-07-03 12:03:22,641 [INFO] RulesReader:64 - Compatibility file has been processed (302 Rules)
2025-07-03 12:03:22,659 [INFO] RulesReader:64 - Compatibility file has been processed (302 Rules)
2025-07-03 12:03:22,670 [INFO] CADModel:165 - CPN selected for project level
2025-07-03 12:03:22,671 [INFO] CADModel:114 - Register for checkConnection events
2025-07-03 12:03:22,671 [FATAL] Updater:351 - Updater called before beeing initialized
2025-07-03 12:03:22,671 [ERROR] CADModel:125 - Updater not yet initialized, retry later 
2025-07-03 12:03:22,847 [FATAL] Updater:351 - Updater called before beeing initialized
2025-07-03 12:03:22,850 [INFO] CADModel:165 - CPN selected for project level
2025-07-03 12:03:22,850 [INFO] CADModel:114 - Register for checkConnection events
2025-07-03 12:03:22,850 [FATAL] Updater:351 - Updater called before beeing initialized
2025-07-03 12:03:22,850 [ERROR] CADModel:125 - Updater not yet initialized, retry later 
2025-07-03 12:03:22,856 [FATAL] Updater:351 - Updater called before beeing initialized
2025-07-03 12:03:22,962 [FATAL] Updater:351 - Updater called before beeing initialized
2025-07-03 12:03:22,966 [INFO] DbMcusAds:53 - JSON generation date=Thu Jun 19 14:02:34 IST 2025 (1750321954415)
2025-07-03 12:03:22,966 [FATAL] Updater:351 - Updater called before beeing initialized
2025-07-03 12:03:23,003 [WARN] DetailPanel:346 - Failed to get advertising image, set to default
2025-07-03 12:03:23,198 [FATAL] Updater:351 - Updater called before beeing initialized
2025-07-03 12:03:23,202 [FATAL] Updater:351 - Updater called before beeing initialized
2025-07-03 12:03:23,202 [FATAL] Updater:351 - Updater called before beeing initialized
2025-07-03 12:03:23,202 [WARN] DetailPanel:346 - Failed to get advertising image, set to default
2025-07-03 12:03:23,203 [FATAL] Updater:351 - Updater called before beeing initialized
2025-07-03 12:03:23,245 [ERROR] Updater:1198 - MainUpdater not yet initialized. External WinMGr cannot be set.
2025-07-03 12:03:23,247 [INFO] Updater:1134 - Updater Version found : 6.14.1
2025-07-03 12:03:23,269 [INFO] ApplicationProperties:184 - Using Application install path: C:\ST\STM32CubeIDE_1.18.1\STM32CubeIDE\plugins\com.st.stm32cube.common.mx_6.14.1.202504091515
2025-07-03 12:03:24,719 [INFO] ThirdPartyUpdaterWithRetryManager:70 - Updater plugin not ready yet. [2/15]
2025-07-03 12:03:24,845 [ERROR] LogOutputStream:75 - [STDERR_REDIRECT] Jul 03, 2025 12:03:24 PM java.util.prefs.WindowsPreferences <init>
2025-07-03 12:03:24,848 [ERROR] LogOutputStream:75 - [STDERR_REDIRECT] WARNING: Could not open/create prefs root node Software\JavaSoft\Prefs at root 0xffffffff80000002. Windows RegCreateKeyEx(...) returned error code 5.
2025-07-03 12:03:24,848 [ERROR] LogOutputStream:75 - [STDERR_REDIRECT] 
2025-07-03 12:03:25,129 [INFO] MainUpdater:2872 - connection check result : 10
2025-07-03 12:03:25,130 [INFO] MainUpdater:289 - Updater Check For Update Now.
2025-07-03 12:03:25,130 [INFO] MicroXplorer:498 - Change Database Version : DB.6.0.141
2025-07-03 12:03:25,145 [INFO] McuFinderGlobals:63 - Set McuFinder mode to 2 (CubeIDE integrated)
2025-07-03 12:03:25,146 [INFO] UserAuth:171 - activating auth plugin
2025-07-03 12:03:25,151 [INFO] UserAuth:484 - Internet connection configuration mode: 1
2025-07-03 12:03:25,198 [INFO] JxBrowserEngine:152 - Initiate JxBrowser Engine with user profile folder
2025-07-03 12:03:25,331 [INFO] CheckServerUpdateThread:120 - End of CheckServer Thread
2025-07-03 12:03:26,649 [INFO] WebApp:169 - Instantiating new browser for Auth
2025-07-03 12:03:27,559 [INFO] WebApp:463 - Apply proxy settings
2025-07-03 12:03:27,560 [INFO] WebApp:548 - Chromium requires no authentication
2025-07-03 12:03:27,574 [INFO] WebApp:491 - Direct internet connection detected
2025-07-03 12:03:27,624 [INFO] WebApp:894 - Register for checkConnection events
2025-07-03 12:03:27,625 [INFO] WebApp:463 - Apply proxy settings
2025-07-03 12:03:27,625 [INFO] WebApp:548 - Chromium requires no authentication
2025-07-03 12:03:27,626 [INFO] WebApp:491 - Direct internet connection detected
2025-07-03 12:03:27,861 [INFO] WebApp:191 - Connection restablished
2025-07-03 12:03:27,977 [INFO] WebApp:225 - Starting web application
2025-07-03 12:03:27,977 [INFO] WebApp:593 - Web application path used C:\ST\STM32CubeIDE_1.18.1\STM32CubeIDE\plugins\com.st.stm32cube.common.mx_6.14.1.202504091515\db\plugins\mcufinder\reactClient1\index.html
2025-07-03 12:03:28,109 [WARN] PackLoader:240 - Cannot read IP mode file for STMicroelectronics.FP-SNS-MOTENVWB1.1.4.0
2025-07-03 12:03:28,122 [WARN] PackLoader:240 - Cannot read IP mode file for STMicroelectronics.FP-ATR-ASTRA1.2.0.2
2025-07-03 12:03:28,135 [WARN] PackLoader:240 - Cannot read IP mode file for STMicroelectronics.X-CUBE-SMBUS.2.1.0
2025-07-03 12:03:28,180 [WARN] PackLoader:240 - Cannot read IP mode file for STMicroelectronics.X-CUBE-AZRTOS-F7.1.1.0
2025-07-03 12:03:28,227 [WARN] PackLoader:240 - Cannot read IP mode file for Infineon.AIROC-Wi-Fi-Bluetooth-STM32.1.7.0
2025-07-03 12:03:28,245 [WARN] PackLoader:240 - Cannot read IP mode file for STMicroelectronics.X-CUBE-DISPLAY.3.0.0
2025-07-03 12:03:28,258 [WARN] PackLoader:240 - Cannot read IP mode file for STMicroelectronics.X-CUBE-NFC10.1.0.0
2025-07-03 12:03:28,273 [WARN] PackLoader:240 - Cannot read IP mode file for STMicroelectronics.X-CUBE-BLEMGR.4.0.0
2025-07-03 12:03:28,281 [WARN] PackLoader:240 - Cannot read IP mode file for emotas.I-CUBE-CANOPEN.1.3.0
2025-07-03 12:03:28,288 [WARN] ConditionMgr:438 - getConditionDescription Invalid condition id : Cortex-A Device cause : null
2025-07-03 12:03:28,307 [WARN] ConditionMgr:1044 - genDependencies : Invalid condition id : Cortex-A Device cause : null
2025-07-03 12:03:28,308 [WARN] ConditionMgr:1044 - genDependencies : Invalid condition id : Cortex-A Device cause : null
2025-07-03 12:03:28,308 [WARN] ConditionMgr:1044 - genDependencies : Invalid condition id : Cortex-A Device cause : null
2025-07-03 12:03:28,315 [WARN] PackLoader:240 - Cannot read IP mode file for STMicroelectronics.X-CUBE-AI.10.0.0
2025-07-03 12:03:28,322 [WARN] PackLoader:240 - Cannot read IP mode file for STMicroelectronics.FP-SNS-SMARTAG2.1.2.0
2025-07-03 12:03:28,329 [WARN] PackLoader:240 - Cannot read IP mode file for STMicroelectronics.FP-SNS-FLIGHT1.5.1.0
2025-07-03 12:03:28,340 [INFO] LogOutputStream:77 - [STDOUT_REDIRECT] 1 : Invalid condition id : UX_CORESTACK_Condition cause : null
2025-07-03 12:03:28,340 [INFO] LogOutputStream:77 - [STDOUT_REDIRECT] 1 : Invalid condition id : UX_CORESTACK_Condition cause : null
2025-07-03 12:03:28,342 [INFO] LogOutputStream:77 - [STDOUT_REDIRECT] 1 : Invalid condition id : UX_CORESTACK_Condition cause : null
2025-07-03 12:03:28,343 [INFO] LogOutputStream:77 - [STDOUT_REDIRECT] 1 : Invalid condition id : UX_CORESTACK_Condition cause : null
2025-07-03 12:03:28,345 [INFO] LogOutputStream:77 - [STDOUT_REDIRECT] 1 : Invalid condition id : UX_CORESTACK_Condition cause : null
2025-07-03 12:03:28,349 [WARN] PackLoader:240 - Cannot read IP mode file for STMicroelectronics.X-CUBE-AZRTOS-WL.2.0.0
2025-07-03 12:03:28,355 [WARN] PackLoader:240 - Cannot read IP mode file for STMicroelectronics.FP-SNS-MOTENV1.5.0.0
2025-07-03 12:03:28,366 [WARN] PackLoader:240 - Cannot read IP mode file for WES.I-CUBE-Cesium.1.3.0
2025-07-03 12:03:28,373 [WARN] PackLoader:240 - Cannot read IP mode file for STMicroelectronics.X-CUBE-BLE2.3.3.0
2025-07-03 12:03:28,381 [WARN] PackLoader:240 - Cannot read IP mode file for STMicroelectronics.X-CUBE-NFC9.1.0.0
2025-07-03 12:03:28,388 [WARN] PackLoader:240 - Cannot read IP mode file for wolfSSL.I-CUBE-wolfSSL.5.8.0
2025-07-03 12:03:28,395 [WARN] PackLoader:240 - Cannot read IP mode file for STMicroelectronics.X-CUBE-BLE1.7.1.0
2025-07-03 12:03:28,399 [WARN] PackLoader:240 - Cannot read IP mode file for wolfSSL.I-CUBE-wolfMQTT.1.19.2
2025-07-03 12:03:28,404 [WARN] PackLoader:240 - Cannot read IP mode file for STMicroelectronics.X-CUBE-AI.10.1.0
2025-07-03 12:03:28,478 [WARN] PackLoader:240 - Cannot read IP mode file for STMicroelectronics.X-CUBE-MEMS1.11.2.0
2025-07-03 12:03:28,650 [WARN] PackLoader:240 - Cannot read IP mode file for STMicroelectronics.X-CUBE-AZRTOS-G0.1.1.0
2025-07-03 12:03:28,658 [WARN] PackLoader:240 - Cannot read IP mode file for STMicroelectronics.X-CUBE-SAFEA1.1.2.2
2025-07-03 12:03:28,664 [WARN] PackLoader:240 - Cannot read IP mode file for STMicroelectronics.X-CUBE-NFC4.3.0.0
2025-07-03 12:03:28,671 [WARN] PackLoader:240 - Cannot read IP mode file for EmbeddedOffice.I-CUBE-FS-RTOS.1.0.1
2025-07-03 12:03:28,678 [WARN] PackLoader:240 - Cannot read IP mode file for STMicroelectronics.X-CUBE-WB05N.2.0.0
2025-07-03 12:03:28,683 [WARN] PackLoader:240 - Cannot read IP mode file for wolfSSL.I-CUBE-wolfTPM.3.8.0
2025-07-03 12:03:28,689 [WARN] PackLoader:240 - Cannot read IP mode file for STMicroelectronics.X-CUBE-TCPP.4.2.0
2025-07-03 12:03:28,697 [WARN] PackLoader:240 - Cannot read IP mode file for RealThread.X-CUBE-RT-Thread_Nano.4.1.1
2025-07-03 12:03:28,702 [WARN] PackLoader:240 - Cannot read IP mode file for STMicroelectronics.FP-ATR-SIGFOX1.3.2.0
2025-07-03 12:03:28,708 [WARN] PackLoader:240 - Cannot read IP mode file for STMicroelectronics.X-CUBE-EEPRMA1.5.1.0
2025-07-03 12:03:28,713 [WARN] PackLoader:240 - Cannot read IP mode file for ITTIA_DB.I-CUBE-ITTIADB.8.9.0
2025-07-03 12:03:28,719 [WARN] PackLoader:240 - Cannot read IP mode file for STMicroelectronics.X-CUBE-ST67W61.1.0.0
2025-07-03 12:03:28,737 [WARN] PackLoader:240 - Cannot read IP mode file for SEGGER.I-CUBE-embOS.1.3.1
2025-07-03 12:03:28,764 [WARN] PackLoader:240 - Cannot read IP mode file for STMicroelectronics.X-CUBE-ALGOBUILD.1.4.0
2025-07-03 12:03:28,788 [WARN] PackLoader:240 - Cannot read IP mode file for STMicroelectronics.X-CUBE-MEMS1.11.3.0
2025-07-03 12:03:28,867 [WARN] PackLoader:240 - Cannot read IP mode file for STMicroelectronics.X-CUBE-PM33A1.1.0.0
2025-07-03 12:03:28,881 [WARN] PackLoader:240 - Cannot read IP mode file for STMicroelectronics.X-CUBE-AZRTOS-F4.1.1.0
2025-07-03 12:03:28,892 [WARN] PackLoader:240 - Cannot read IP mode file for Avnet-IotConnect.X-CUBE-IoTC-DA16k-PMOD.1.0.0
2025-07-03 12:03:28,897 [WARN] PackLoader:240 - Cannot read IP mode file for STMicroelectronics.X-CUBE-ISPU.2.1.0
2025-07-03 12:03:28,909 [WARN] PackLoader:240 - Cannot read IP mode file for STMicroelectronics.X-CUBE-AZRTOS-L5.2.0.0
2025-07-03 12:03:28,917 [WARN] PackLoader:240 - Cannot read IP mode file for STMicroelectronics.X-CUBE-NFC6.3.1.0
2025-07-03 12:03:28,923 [WARN] PackLoader:240 - Cannot read IP mode file for STMicroelectronics.X-CUBE-FREERTOS.1.3.1
2025-07-03 12:03:28,928 [WARN] PackLoader:240 - Cannot read IP mode file for STMicroelectronics.FP-SNS-STAIOTCFT.1.0.0
2025-07-03 12:03:28,933 [WARN] PackLoader:240 - Cannot read IP mode file for STMicroelectronics.X-CUBE-DPower.1.3.0
2025-07-03 12:03:28,942 [WARN] ConditionMgr:438 - getConditionDescription Invalid condition id : LAN8742 Phy interface Condition cause : null
2025-07-03 12:03:28,942 [WARN] PackLoader:240 - Cannot read IP mode file for STMicroelectronics.X-CUBE-AZRTOS-L4.2.0.0
2025-07-03 12:03:28,944 [WARN] ConditionMgr:1044 - genDependencies : Invalid condition id : LAN8742 Phy interface Condition cause : null
2025-07-03 12:03:28,944 [WARN] ConditionMgr:1044 - genDependencies : Invalid condition id : LAN8742 Phy interface Condition cause : null
2025-07-03 12:03:28,944 [WARN] ConditionMgr:1044 - genDependencies : Invalid condition id : LAN8742 Phy interface Condition cause : null
2025-07-03 12:03:28,951 [WARN] PackLoader:240 - Cannot read IP mode file for STMicroelectronics.X-CUBE-SFXS2LP1.4.0.0
2025-07-03 12:03:28,964 [WARN] PackLoader:240 - Cannot read IP mode file for STMicroelectronics.X-CUBE-AZRTOS-H7.3.3.0
2025-07-03 12:03:28,980 [WARN] ConditionMgr:438 - getConditionDescription Invalid condition id : UX DEVICE CLASS RTOS Condition cause : null
2025-07-03 12:03:28,980 [WARN] ConditionMgr:438 - getConditionDescription Invalid condition id : UX DEVICE CLASS RTOS Condition cause : null
2025-07-03 12:03:28,983 [WARN] PackLoader:240 - Cannot read IP mode file for STMicroelectronics.X-CUBE-AZRTOS-WB.2.0.0
2025-07-03 12:03:28,983 [WARN] ConditionMgr:1044 - genDependencies : Invalid condition id : UX DEVICE CLASS RTOS Condition cause : null
2025-07-03 12:03:28,983 [WARN] ConditionMgr:1044 - genDependencies : Invalid condition id : UX DEVICE CLASS RTOS Condition cause : null
2025-07-03 12:03:28,984 [WARN] ConditionMgr:1044 - genDependencies : Invalid condition id : UX DEVICE CLASS RTOS Condition cause : null
2025-07-03 12:03:28,984 [WARN] ConditionMgr:1044 - genDependencies : Invalid condition id : UX DEVICE CLASS RTOS Condition cause : null
2025-07-03 12:03:28,984 [WARN] ConditionMgr:1044 - genDependencies : Invalid condition id : UX DEVICE CLASS RTOS Condition cause : null
2025-07-03 12:03:28,991 [WARN] PackLoader:240 - Cannot read IP mode file for STMicroelectronics.X-CUBE-GNSS1.7.0.1
2025-07-03 12:03:29,000 [WARN] PackLoader:240 - Cannot read IP mode file for STMicroelectronics.X-CUBE-TOUCHGFX.4.25.0
2025-07-03 12:03:29,005 [WARN] PackLoader:240 - Cannot read IP mode file for STMicroelectronics.FP-SNS-STBOX1.2.0.0
2025-07-03 12:03:29,017 [WARN] PackLoader:240 - Cannot read IP mode file for STMicroelectronics.X-CUBE-SUBG2.5.0.0
2025-07-03 12:03:29,046 [WARN] PackLoader:240 - Cannot read IP mode file for STMicroelectronics.X-CUBE-AZRTOS-H7RS.1.1.0
2025-07-03 12:03:29,052 [WARN] PackLoader:240 - Cannot read IP mode file for Cesanta.I-CUBE-Mongoose.7.13.0
2025-07-03 12:03:29,063 [WARN] PackLoader:240 - Cannot read IP mode file for STMicroelectronics.X-CUBE-AZRTOS-G4.2.0.0
2025-07-03 12:03:29,070 [WARN] PackLoader:240 - Cannot read IP mode file for wolfSSL.I-CUBE-wolfSSH.1.4.20
2025-07-03 12:03:29,075 [WARN] PackLoader:240 - Cannot read IP mode file for STMicroelectronics.X-CUBE-NFC7.2.0.0
2025-07-03 12:03:29,083 [WARN] PackLoader:240 - Cannot read IP mode file for STMicroelectronics.X-CUBE-IPS.3.1.0
2025-07-03 12:03:29,090 [WARN] PackLoader:240 - Cannot read IP mode file for STMicroelectronics.X-CUBE-ALS.1.0.2
2025-07-03 12:03:29,094 [WARN] PackLoader:240 - Cannot read IP mode file for portGmbH.I-Cube-SoM-uGOAL.1.1.0
2025-07-03 12:03:29,103 [WARN] PackLoader:240 - Cannot read IP mode file for STMicroelectronics.X-CUBE-TOF1.3.4.3
2025-07-03 12:03:29,108 [INFO] ThirdParty:978 - Integrity check success = true
2025-07-03 12:03:29,108 [INFO] IntegrityCheckThread:100 - exiting critical section [integrity check]
2025-07-03 12:03:29,108 [INFO] IntegrityCheckThread:103 - End integrity checks thread
2025-07-03 13:33:52,318 [INFO] WebApp:194 - Connection lost
2025-07-03 13:33:52,569 [INFO] WebApp:191 - Connection restablished
2025-07-03 13:43:41,773 [INFO] WebApp:194 - Connection lost
2025-07-03 13:43:42,051 [INFO] WebApp:191 - Connection restablished
