2025-06-05 11:35:31,004 [INFO] Activator:176 - 


2025-06-05 11:35:31,010 [INFO] Activator:177 - !SESSION log4j initialized
2025-06-05 11:35:35,418 [INFO] LogOutputStream:77 - [STDOUT_REDIRECT] 
2025-06-05 11:35:36,066 [INFO] ApplicationProperties:184 - Using Application install path: C:\ST\STM32CubeIDE_1.18.1\STM32CubeIDE\plugins\com.st.stm32cube.common.mx_6.14.1.202504091515
2025-06-05 11:35:36,084 [INFO] DbMcusXml:78 - Set database path to: C:\ST\STM32CubeIDE_1.18.1\STM32CubeIDE\plugins\com.st.stm32cube.common.mx_6.14.1.202504091515\\db\/mcu/
2025-06-05 11:35:36,084 [INFO] ApiDb:274 - Set plugin database path to: C:\ST\STM32CubeIDE_1.18.1\STM32CubeIDE\plugins\com.st.stm32cube.common.mx_6.14.1.202504091515\\db\/plugins/boardmanager/
2025-06-05 11:35:36,084 [WARN] ApiDb:259 - Overriding images path with different value:  => C:\ST\STM32CubeIDE_1.18.1\STM32CubeIDE\plugins\com.st.stm32cube.common.mx_6.14.1.202504091515\\db\/plugins/mcufinder/images/
2025-06-05 11:35:36,091 [INFO] ApiDb:250 - Set database path to: C:\Users\lenovo\.stmcufinder\plugins\mcufinder//mcu/
2025-06-05 11:35:36,092 [INFO] DbMcusAds:125 - Set database path to: C:\Users\lenovo\.stmcufinder\plugins\mcufinder//mcu/
2025-06-05 11:35:36,094 [INFO] CrossReferenceDbSqlite:203 - Set database path to: C:\Users\lenovo\.stmcufinder\plugins\mcufinder//mcu/cs/
2025-06-05 11:35:36,196 [INFO] RulesReader:64 - Compatibility file has been processed (302 Rules)
2025-06-05 11:35:36,269 [INFO] DbMcusXml:78 - Set database path to: C:\ST\STM32CubeIDE_1.18.1\STM32CubeIDE\plugins\com.st.stm32cube.common.mx_6.14.1.202504091515\\db\/mcu/
2025-06-05 11:35:36,269 [INFO] ApiDb:274 - Set plugin database path to: C:\ST\STM32CubeIDE_1.18.1\STM32CubeIDE\plugins\com.st.stm32cube.common.mx_6.14.1.202504091515\\db\/plugins/boardmanager/
2025-06-05 11:35:36,269 [INFO] ApiDb:261 - Set plugin images path to: C:\ST\STM32CubeIDE_1.18.1\STM32CubeIDE\plugins\com.st.stm32cube.common.mx_6.14.1.202504091515\\db\/plugins/mcufinder/images/
2025-06-05 11:35:36,269 [WARN] DbFile:41 - Overriding database path with different value: C:\Users\lenovo\.stmcufinder\plugins\mcufinder/ => C:\Users\lenovo\.stmcufinder\plugins\mcufinder
2025-06-05 11:35:36,270 [INFO] ApiDb:250 - Set database path to: C:\Users\lenovo\.stmcufinder\plugins\mcufinder//mcu/
2025-06-05 11:35:36,270 [WARN] DbFile:41 - Overriding database path with different value: C:\Users\lenovo\.stmcufinder\plugins\mcufinder/ => C:\Users\lenovo\.stmcufinder\plugins\mcufinder
2025-06-05 11:35:36,270 [INFO] DbMcusAds:125 - Set database path to: C:\Users\lenovo\.stmcufinder\plugins\mcufinder//mcu/
2025-06-05 11:35:36,270 [WARN] DbFile:41 - Overriding database path with different value: C:\Users\lenovo\.stmcufinder\plugins\mcufinder/ => C:\Users\lenovo\.stmcufinder\plugins\mcufinder
2025-06-05 11:35:36,270 [WARN] DbFile:41 - Overriding database path with different value: C:\Users\lenovo\.stmcufinder\plugins\mcufinder/ => C:\Users\lenovo\.stmcufinder\plugins\mcufinder
2025-06-05 11:35:36,270 [INFO] CrossReferenceDbSqlite:203 - Set database path to: C:\Users\lenovo\.stmcufinder\plugins\mcufinder//mcu/cs/
2025-06-05 11:35:36,372 [INFO] MainPanel:272 - HeapMemory: 268435456
2025-06-05 11:35:36,514 [INFO] DbMcusXml:78 - Set database path to: C:\ST\STM32CubeIDE_1.18.1\STM32CubeIDE\plugins\com.st.stm32cube.common.mx_6.14.1.202504091515\\db\/mcu/
2025-06-05 11:35:36,514 [INFO] ApiDb:274 - Set plugin database path to: C:\ST\STM32CubeIDE_1.18.1\STM32CubeIDE\plugins\com.st.stm32cube.common.mx_6.14.1.202504091515\\db\/plugins/boardmanager/
2025-06-05 11:35:36,514 [INFO] ApiDb:261 - Set plugin images path to: C:\ST\STM32CubeIDE_1.18.1\STM32CubeIDE\plugins\com.st.stm32cube.common.mx_6.14.1.202504091515\\db\/plugins/mcufinder/images/
2025-06-05 11:35:36,515 [WARN] DbFile:41 - Overriding database path with different value: C:\Users\lenovo\.stmcufinder\plugins\mcufinder/ => C:\Users\lenovo\.stmcufinder\plugins\mcufinder
2025-06-05 11:35:36,515 [INFO] ApiDb:250 - Set database path to: C:\Users\lenovo\.stmcufinder\plugins\mcufinder//mcu/
2025-06-05 11:35:36,515 [WARN] DbFile:41 - Overriding database path with different value: C:\Users\lenovo\.stmcufinder\plugins\mcufinder/ => C:\Users\lenovo\.stmcufinder\plugins\mcufinder
2025-06-05 11:35:36,515 [INFO] DbMcusAds:125 - Set database path to: C:\Users\lenovo\.stmcufinder\plugins\mcufinder//mcu/
2025-06-05 11:35:36,515 [WARN] DbFile:41 - Overriding database path with different value: C:\Users\lenovo\.stmcufinder\plugins\mcufinder/ => C:\Users\lenovo\.stmcufinder\plugins\mcufinder
2025-06-05 11:35:36,515 [WARN] DbFile:41 - Overriding database path with different value: C:\Users\lenovo\.stmcufinder\plugins\mcufinder/ => C:\Users\lenovo\.stmcufinder\plugins\mcufinder
2025-06-05 11:35:36,516 [INFO] CrossReferenceDbSqlite:203 - Set database path to: C:\Users\lenovo\.stmcufinder\plugins\mcufinder//mcu/cs/
2025-06-05 11:35:36,544 [INFO] ApplicationProperties:184 - Using Application install path: C:\ST\STM32CubeIDE_1.18.1\STM32CubeIDE\plugins\com.st.stm32cube.common.mx_6.14.1.202504091515
2025-06-05 11:35:36,546 [INFO] PluginManage:196 - Search for loadable plugins [exclusion list=, ]
2025-06-05 11:35:36,548 [INFO] PluginManage:310 - Check plugin analytics
2025-06-05 11:35:36,760 [INFO] AnalyticsPlugin:253 - Accepted Software Licenses: 
2025-06-05 11:35:36,761 [INFO] AnalyticsPlugin:255 - Accepted CMSIS Pack Licenses: 
2025-06-05 11:35:36,761 [INFO] AnalyticsPlugin:257 - Accepted Firmware Licenses: 
2025-06-05 11:35:36,763 [INFO] PluginManage:359 - Loaded plugin analytics (category:tool,tabindex:-1)
2025-06-05 11:35:36,764 [INFO] PluginManage:310 - Check plugin cadmodel
2025-06-05 11:35:36,770 [INFO] CADModel:105 - Init CAD model plugin
2025-06-05 11:35:36,770 [INFO] PluginManage:359 - Loaded plugin cadmodel (category:power,tabindex:5)
2025-06-05 11:35:36,770 [INFO] PluginManage:310 - Check plugin clock
2025-06-05 11:35:36,780 [INFO] PluginManage:359 - Loaded plugin clock (category:base,tabindex:2)
2025-06-05 11:35:36,780 [INFO] PluginManage:310 - Check plugin ddr
2025-06-05 11:35:36,783 [INFO] PluginManage:359 - Loaded plugin ddr (category:tool,tabindex:6)
2025-06-05 11:35:36,783 [INFO] PluginManage:310 - Check plugin filemanager
2025-06-05 11:35:36,923 [INFO] PluginManage:359 - Loaded plugin filemanager (category:base,tabindex:10)
2025-06-05 11:35:36,923 [INFO] PluginManage:310 - Check plugin ipmanager
2025-06-05 11:35:36,930 [INFO] PluginManage:359 - Loaded plugin ipmanager (category:base,tabindex:5)
2025-06-05 11:35:36,931 [INFO] PluginManage:310 - Check plugin lpbam
2025-06-05 11:35:36,938 [INFO] PluginManage:359 - Loaded plugin lpbam (category:base,tabindex:0)
2025-06-05 11:35:36,938 [INFO] PluginManage:310 - Check plugin memorymap
2025-06-05 11:35:36,955 [INFO] PluginManage:359 - Loaded plugin memorymap (category:base,tabindex:4)
2025-06-05 11:35:36,955 [INFO] PluginManage:310 - Check plugin pinoutandconfiguration
2025-06-05 11:35:36,965 [INFO] PluginManage:359 - Loaded plugin pinoutandconfiguration (category:base,tabindex:1)
2025-06-05 11:35:36,965 [INFO] PluginManage:310 - Check plugin pinoutconfig
2025-06-05 11:35:37,049 [WARN] SupportedApi:132 - Cannot load RTOS API schema: s4s-elt-must-match.1: The content of 'definitions' must match (annotation?, (simpleType | complexType)?, (unique | key | keyref)*)). A problem was found starting at: attribute.
2025-06-05 11:35:37,194 [INFO] PluginManage:359 - Loaded plugin pinoutconfig (category:base,tabindex:0)
2025-06-05 11:35:37,194 [INFO] PluginManage:310 - Check plugin power
2025-06-05 11:35:37,203 [INFO] PluginManage:359 - Loaded plugin power (category:power,tabindex:4)
2025-06-05 11:35:37,203 [INFO] PluginManage:310 - Check plugin projectmanager
2025-06-05 11:35:37,218 [INFO] PluginManage:359 - Loaded plugin projectmanager (category:projectmanager,tabindex:4)
2025-06-05 11:35:37,218 [INFO] PluginManage:310 - Check plugin rif
2025-06-05 11:35:37,226 [INFO] PluginManage:359 - Loaded plugin rif (category:base,tabindex:3)
2025-06-05 11:35:37,226 [INFO] PluginManage:310 - Check plugin thirdparty
2025-06-05 11:35:37,347 [WARN] IntegrityCheckThread:84 - waiting for thirdparty lock release [integrity check]
2025-06-05 11:35:37,348 [INFO] IntegrityCheckThread:86 - entering critical section [integrity check]
2025-06-05 11:35:37,348 [INFO] PluginManage:359 - Loaded plugin thirdparty (category:base,tabindex:-1)
2025-06-05 11:35:37,348 [INFO] PluginManage:310 - Check plugin tools
2025-06-05 11:35:37,348 [INFO] ThirdPartyUpdaterWithRetryManager:70 - Updater plugin not ready yet. [1/15]
2025-06-05 11:35:37,351 [INFO] PluginManage:359 - Loaded plugin tools (category:base,tabindex:7)
2025-06-05 11:35:37,351 [INFO] PluginManage:310 - Check plugin tutovideos
2025-06-05 11:35:37,533 [INFO] PluginManage:359 - Loaded plugin tutovideos (category:base,tabindex:-1)
2025-06-05 11:35:37,533 [INFO] PluginManage:310 - Check plugin updater
2025-06-05 11:35:37,555 [INFO] PluginManage:359 - Loaded plugin updater (category:base,tabindex:12)
2025-06-05 11:35:37,555 [INFO] PluginManage:310 - Check plugin userauth
2025-06-05 11:35:37,559 [INFO] UserAuth:118 - Init User Auth plugin
2025-06-05 11:35:37,560 [INFO] PluginManage:359 - Loaded plugin userauth (category:base,tabindex:14)
2025-06-05 11:35:37,560 [INFO] PluginManage:283 - PluginManage : Loaded plugins [18]
2025-06-05 11:35:37,798 [INFO] PinOutPanel:1589 - setPackage(No Configuration,No Configuration)
2025-06-05 11:35:37,912 [INFO] CADModel:165 - CPN selected for project level
2025-06-05 11:35:37,912 [INFO] CADModel:114 - Register for checkConnection events
2025-06-05 11:35:37,932 [INFO] IPUIPlugin:80 - create IPUIPlugin
2025-06-05 11:35:37,933 [INFO] PluginManager:220 - loadIPPluginJar : add adc
2025-06-05 11:35:37,936 [INFO] IPUIPlugin:80 - create IPUIPlugin
2025-06-05 11:35:37,936 [INFO] PluginManager:220 - loadIPPluginJar : add aes
2025-06-05 11:35:37,939 [INFO] IPUIPlugin:80 - create IPUIPlugin
2025-06-05 11:35:37,939 [INFO] PluginManager:220 - loadIPPluginJar : add can
2025-06-05 11:35:37,941 [INFO] IPUIPlugin:80 - create IPUIPlugin
2025-06-05 11:35:37,941 [INFO] PluginManager:220 - loadIPPluginJar : add comp
2025-06-05 11:35:37,943 [INFO] IPUIPlugin:80 - create IPUIPlugin
2025-06-05 11:35:37,943 [INFO] PluginManager:220 - loadIPPluginJar : add cryp
2025-06-05 11:35:37,947 [INFO] IPUIPlugin:80 - create IPUIPlugin
2025-06-05 11:35:37,947 [INFO] PluginManager:220 - loadIPPluginJar : add ddr_ctrl_phy
2025-06-05 11:35:37,949 [INFO] IPUIPlugin:80 - create IPUIPlugin
2025-06-05 11:35:37,949 [INFO] PluginManager:220 - loadIPPluginJar : add dfsdm
2025-06-05 11:35:37,955 [INFO] IPUIPlugin:80 - create IPUIPlugin
2025-06-05 11:35:37,955 [INFO] PluginManager:220 - loadIPPluginJar : add dma
2025-06-05 11:35:37,958 [INFO] IPUIPlugin:80 - create IPUIPlugin
2025-06-05 11:35:37,958 [INFO] PluginManager:220 - loadIPPluginJar : add dma3
2025-06-05 11:35:37,961 [INFO] IPUIPlugin:80 - create IPUIPlugin
2025-06-05 11:35:37,961 [INFO] PluginManager:220 - loadIPPluginJar : add extmemmanager
2025-06-05 11:35:37,964 [INFO] IPUIPlugin:80 - create IPUIPlugin
2025-06-05 11:35:37,965 [INFO] PluginManager:220 - loadIPPluginJar : add fatfs
2025-06-05 11:35:37,971 [INFO] IPUIPlugin:80 - create IPUIPlugin
2025-06-05 11:35:37,971 [INFO] PluginManager:220 - loadIPPluginJar : add fmc
2025-06-05 11:35:37,978 [INFO] IPUIPlugin:80 - create IPUIPlugin
2025-06-05 11:35:37,978 [INFO] PluginManager:220 - loadIPPluginJar : add freertos
2025-06-05 11:35:37,980 [INFO] IPUIPlugin:80 - create IPUIPlugin
2025-06-05 11:35:37,981 [INFO] PluginManager:220 - loadIPPluginJar : add genericplugin
2025-06-05 11:35:37,984 [INFO] IPUIPlugin:80 - create IPUIPlugin
2025-06-05 11:35:37,984 [INFO] PluginManager:220 - loadIPPluginJar : add gfxmmu
2025-06-05 11:35:37,989 [INFO] IPUIPlugin:80 - create IPUIPlugin
2025-06-05 11:35:37,990 [INFO] PluginManager:220 - loadIPPluginJar : add gic
2025-06-05 11:35:37,994 [INFO] IPUIPlugin:80 - create IPUIPlugin
2025-06-05 11:35:37,994 [INFO] PluginManager:220 - loadIPPluginJar : add gpio
2025-06-05 11:35:37,999 [INFO] IPUIPlugin:80 - create IPUIPlugin
2025-06-05 11:35:38,000 [INFO] PluginManager:220 - loadIPPluginJar : add gtzc
2025-06-05 11:35:38,003 [INFO] IPUIPlugin:80 - create IPUIPlugin
2025-06-05 11:35:38,003 [INFO] PluginManager:220 - loadIPPluginJar : add hash
2025-06-05 11:35:38,006 [INFO] IPUIPlugin:80 - create IPUIPlugin
2025-06-05 11:35:38,007 [INFO] PluginManager:220 - loadIPPluginJar : add i2c
2025-06-05 11:35:38,010 [INFO] IPUIPlugin:80 - create IPUIPlugin
2025-06-05 11:35:38,010 [INFO] PluginManager:220 - loadIPPluginJar : add i2s
2025-06-05 11:35:38,014 [INFO] IPUIPlugin:80 - create IPUIPlugin
2025-06-05 11:35:38,014 [INFO] PluginManager:220 - loadIPPluginJar : add i3c
2025-06-05 11:35:38,018 [INFO] IPUIPlugin:80 - create IPUIPlugin
2025-06-05 11:35:38,019 [INFO] PluginManager:220 - loadIPPluginJar : add ipddr
2025-06-05 11:35:38,024 [INFO] IPUIPlugin:80 - create IPUIPlugin
2025-06-05 11:35:38,025 [INFO] PluginManager:220 - loadIPPluginJar : add linkedlist
2025-06-05 11:35:38,028 [INFO] IPUIPlugin:80 - create IPUIPlugin
2025-06-05 11:35:38,029 [INFO] PluginManager:220 - loadIPPluginJar : add lorawan
2025-06-05 11:35:38,030 [INFO] IPUIPlugin:80 - create IPUIPlugin
2025-06-05 11:35:38,030 [INFO] PluginManager:220 - loadIPPluginJar : add ltdc
2025-06-05 11:35:38,036 [INFO] IPUIPlugin:80 - create IPUIPlugin
2025-06-05 11:35:38,037 [INFO] PluginManager:220 - loadIPPluginJar : add mdma
2025-06-05 11:35:38,041 [INFO] IPUIPlugin:80 - create IPUIPlugin
2025-06-05 11:35:38,041 [INFO] PluginManager:220 - loadIPPluginJar : add nvic
2025-06-05 11:35:38,044 [INFO] IPUIPlugin:80 - create IPUIPlugin
2025-06-05 11:35:38,044 [INFO] PluginManager:220 - loadIPPluginJar : add opamp
2025-06-05 11:35:38,047 [INFO] IPUIPlugin:80 - create IPUIPlugin
2025-06-05 11:35:38,047 [INFO] PluginManager:220 - loadIPPluginJar : add openamp
2025-06-05 11:35:38,051 [INFO] IPUIPlugin:80 - create IPUIPlugin
2025-06-05 11:35:38,051 [INFO] PluginManager:220 - loadIPPluginJar : add pdm2pcm
2025-06-05 11:35:38,058 [INFO] IPUIPlugin:80 - create IPUIPlugin
2025-06-05 11:35:38,061 [INFO] PluginManager:220 - loadIPPluginJar : add plateformsettings
2025-06-05 11:35:38,065 [INFO] IPUIPlugin:80 - create IPUIPlugin
2025-06-05 11:35:38,065 [INFO] PluginManager:220 - loadIPPluginJar : add quadspi
2025-06-05 11:35:38,068 [INFO] IPUIPlugin:80 - create IPUIPlugin
2025-06-05 11:35:38,069 [INFO] PluginManager:220 - loadIPPluginJar : add radio
2025-06-05 11:35:38,075 [INFO] IPUIPlugin:80 - create IPUIPlugin
2025-06-05 11:35:38,075 [INFO] PluginManager:220 - loadIPPluginJar : add resmgrutility
2025-06-05 11:35:38,078 [INFO] IPUIPlugin:80 - create IPUIPlugin
2025-06-05 11:35:38,078 [INFO] PluginManager:220 - loadIPPluginJar : add sai
2025-06-05 11:35:38,081 [INFO] IPUIPlugin:80 - create IPUIPlugin
2025-06-05 11:35:38,082 [INFO] PluginManager:220 - loadIPPluginJar : add spi
2025-06-05 11:35:38,088 [INFO] IPUIPlugin:80 - create IPUIPlugin
2025-06-05 11:35:38,088 [INFO] PluginManager:220 - loadIPPluginJar : add stm32_wpan
2025-06-05 11:35:38,090 [INFO] IPUIPlugin:80 - create IPUIPlugin
2025-06-05 11:35:38,090 [INFO] PluginManager:220 - loadIPPluginJar : add tim
2025-06-05 11:35:38,093 [INFO] IPUIPlugin:80 - create IPUIPlugin
2025-06-05 11:35:38,093 [INFO] PluginManager:220 - loadIPPluginJar : add touchsensing
2025-06-05 11:35:38,096 [INFO] IPUIPlugin:80 - create IPUIPlugin
2025-06-05 11:35:38,096 [INFO] PluginManager:220 - loadIPPluginJar : add tracer_emb
2025-06-05 11:35:38,098 [INFO] IPUIPlugin:80 - create IPUIPlugin
2025-06-05 11:35:38,098 [INFO] PluginManager:220 - loadIPPluginJar : add ts
2025-06-05 11:35:38,101 [INFO] IPUIPlugin:80 - create IPUIPlugin
2025-06-05 11:35:38,101 [INFO] PluginManager:220 - loadIPPluginJar : add tsc
2025-06-05 11:35:38,103 [INFO] IPUIPlugin:80 - create IPUIPlugin
2025-06-05 11:35:38,104 [INFO] PluginManager:220 - loadIPPluginJar : add ucpd
2025-06-05 11:35:38,107 [INFO] IPUIPlugin:80 - create IPUIPlugin
2025-06-05 11:35:38,107 [INFO] PluginManager:220 - loadIPPluginJar : add usart
2025-06-05 11:35:38,112 [INFO] IPUIPlugin:80 - create IPUIPlugin
2025-06-05 11:35:38,112 [INFO] PluginManager:220 - loadIPPluginJar : add usbx
2025-06-05 11:35:38,235 [FATAL] Updater:351 - Updater called before beeing initialized
2025-06-05 11:35:38,264 [INFO] RulesReader:64 - Compatibility file has been processed (302 Rules)
2025-06-05 11:35:38,271 [INFO] RulesReader:64 - Compatibility file has been processed (302 Rules)
2025-06-05 11:35:38,277 [INFO] CADModel:165 - CPN selected for project level
2025-06-05 11:35:38,277 [INFO] CADModel:114 - Register for checkConnection events
2025-06-05 11:35:38,277 [FATAL] Updater:351 - Updater called before beeing initialized
2025-06-05 11:35:38,277 [ERROR] CADModel:125 - Updater not yet initialized, retry later 
2025-06-05 11:35:38,393 [FATAL] Updater:351 - Updater called before beeing initialized
2025-06-05 11:35:38,394 [INFO] CADModel:165 - CPN selected for project level
2025-06-05 11:35:38,395 [INFO] CADModel:114 - Register for checkConnection events
2025-06-05 11:35:38,395 [FATAL] Updater:351 - Updater called before beeing initialized
2025-06-05 11:35:38,395 [ERROR] CADModel:125 - Updater not yet initialized, retry later 
2025-06-05 11:35:38,398 [FATAL] Updater:351 - Updater called before beeing initialized
2025-06-05 11:35:38,510 [FATAL] Updater:351 - Updater called before beeing initialized
2025-06-05 11:35:38,514 [INFO] DbMcusAds:53 - JSON generation date=Wed May 07 14:37:55 IST 2025 (1746608875484)
2025-06-05 11:35:38,515 [FATAL] Updater:351 - Updater called before beeing initialized
2025-06-05 11:35:38,549 [WARN] DetailPanel:346 - Failed to get advertising image, set to default
2025-06-05 11:35:38,757 [FATAL] Updater:351 - Updater called before beeing initialized
2025-06-05 11:35:38,762 [FATAL] Updater:351 - Updater called before beeing initialized
2025-06-05 11:35:38,762 [FATAL] Updater:351 - Updater called before beeing initialized
2025-06-05 11:35:38,762 [WARN] DetailPanel:346 - Failed to get advertising image, set to default
2025-06-05 11:35:38,763 [FATAL] Updater:351 - Updater called before beeing initialized
2025-06-05 11:35:38,804 [ERROR] Updater:1198 - MainUpdater not yet initialized. External WinMGr cannot be set.
2025-06-05 11:35:38,807 [INFO] Updater:1134 - Updater Version found : 6.14.1
2025-06-05 11:35:38,829 [INFO] ApplicationProperties:184 - Using Application install path: C:\ST\STM32CubeIDE_1.18.1\STM32CubeIDE\plugins\com.st.stm32cube.common.mx_6.14.1.202504091515
2025-06-05 11:35:40,349 [INFO] ThirdPartyUpdaterWithRetryManager:70 - Updater plugin not ready yet. [2/15]
2025-06-05 11:35:40,411 [ERROR] LogOutputStream:75 - [STDERR_REDIRECT] Jun 05, 2025 11:35:40 AM java.util.prefs.WindowsPreferences <init>
2025-06-05 11:35:40,413 [ERROR] LogOutputStream:75 - [STDERR_REDIRECT] WARNING: Could not open/create prefs root node Software\JavaSoft\Prefs at root 0xffffffff80000002. Windows RegCreateKeyEx(...) returned error code 5.
2025-06-05 11:35:40,413 [ERROR] LogOutputStream:75 - [STDERR_REDIRECT] 
2025-06-05 11:35:40,663 [INFO] MainUpdater:2872 - connection check result : 10
2025-06-05 11:35:40,664 [INFO] MainUpdater:3566 - Updater definition file requires update
2025-06-05 11:35:40,664 [INFO] MainUpdater:289 - Updater Check For Update Now.
2025-06-05 11:35:40,664 [INFO] MicroXplorer:498 - Change Database Version : DB.6.0.141
2025-06-05 11:35:40,668 [INFO] McuFinderGlobals:63 - Set McuFinder mode to 2 (CubeIDE integrated)
2025-06-05 11:35:40,669 [INFO] UserAuth:171 - activating auth plugin
2025-06-05 11:35:40,671 [INFO] UserAuth:484 - Internet connection configuration mode: 1
2025-06-05 11:35:40,675 [INFO] ServerAccessManage:473 - Download File updaters.zip
2025-06-05 11:35:40,705 [INFO] JxBrowserEngine:152 - Initiate JxBrowser Engine with user profile folder
2025-06-05 11:35:40,727 [INFO] FileExtend:242 - Unzip File : updaters.zip
2025-06-05 11:35:40,728 [INFO] FileExtend:257 - Standard Zip Deflate
2025-06-05 11:35:40,995 [INFO] ServerAccessManage:473 - Download File PacksControlFlags.xml
2025-06-05 11:35:41,030 [INFO] ServerAccessManage:473 - Download File cubemx.pidx
2025-06-05 11:35:41,770 [INFO] ServerAccessManage:473 - Download File STMicroelectronics.X-CUBE-ST67W61.pdsc
2025-06-05 11:35:42,435 [WARN] PackLoader:240 - Cannot read IP mode file for STMicroelectronics.X-CUBE-ST67W61.1.0.0
2025-06-05 11:35:42,437 [INFO] PopulateThirdPartyThread:66 - Ending populate Thread
2025-06-05 11:35:42,438 [INFO] ThirdParty:1030 - CMSIS Pack Vendor :STMicroelectronics X-CUBE-ST67W61 1.0.0
2025-06-05 11:35:42,438 [INFO] LoadServerUpdatesThread:375 - End of LoadServerUpdate Thread
2025-06-05 11:35:42,528 [INFO] CheckServerUpdateThread:120 - End of CheckServer Thread
2025-06-05 11:35:42,577 [INFO] WebApp:169 - Instantiating new browser for Auth
2025-06-05 11:35:43,376 [INFO] WebApp:463 - Apply proxy settings
2025-06-05 11:35:43,377 [INFO] WebApp:548 - Chromium requires no authentication
2025-06-05 11:35:43,389 [INFO] WebApp:491 - Direct internet connection detected
2025-06-05 11:35:43,429 [INFO] WebApp:894 - Register for checkConnection events
2025-06-05 11:35:43,429 [INFO] WebApp:463 - Apply proxy settings
2025-06-05 11:35:43,430 [INFO] WebApp:548 - Chromium requires no authentication
2025-06-05 11:35:43,430 [INFO] WebApp:491 - Direct internet connection detected
2025-06-05 11:35:43,558 [WARN] PackLoader:240 - Cannot read IP mode file for STMicroelectronics.FP-SNS-MOTENVWB1.1.4.0
2025-06-05 11:35:43,564 [WARN] PackLoader:240 - Cannot read IP mode file for STMicroelectronics.FP-ATR-ASTRA1.2.0.2
2025-06-05 11:35:43,571 [WARN] PackLoader:240 - Cannot read IP mode file for STMicroelectronics.X-CUBE-SMBUS.2.1.0
2025-06-05 11:35:43,590 [WARN] PackLoader:240 - Cannot read IP mode file for STMicroelectronics.X-CUBE-AZRTOS-F7.1.1.0
2025-06-05 11:35:43,610 [WARN] PackLoader:240 - Cannot read IP mode file for Infineon.AIROC-Wi-Fi-Bluetooth-STM32.1.7.0
2025-06-05 11:35:43,621 [WARN] PackLoader:240 - Cannot read IP mode file for STMicroelectronics.X-CUBE-DISPLAY.3.0.0
2025-06-05 11:35:43,636 [WARN] PackLoader:240 - Cannot read IP mode file for STMicroelectronics.X-CUBE-NFC10.1.0.0
2025-06-05 11:35:43,648 [WARN] PackLoader:240 - Cannot read IP mode file for STMicroelectronics.X-CUBE-BLEMGR.4.0.0
2025-06-05 11:35:43,664 [WARN] PackLoader:240 - Cannot read IP mode file for emotas.I-CUBE-CANOPEN.1.3.0
2025-06-05 11:35:43,670 [WARN] ConditionMgr:438 - getConditionDescription Invalid condition id : Cortex-A Device cause : null
2025-06-05 11:35:43,686 [WARN] ConditionMgr:1044 - genDependencies : Invalid condition id : Cortex-A Device cause : null
2025-06-05 11:35:43,686 [WARN] ConditionMgr:1044 - genDependencies : Invalid condition id : Cortex-A Device cause : null
2025-06-05 11:35:43,686 [WARN] ConditionMgr:1044 - genDependencies : Invalid condition id : Cortex-A Device cause : null
2025-06-05 11:35:43,687 [INFO] WebApp:191 - Connection restablished
2025-06-05 11:35:43,693 [WARN] PackLoader:240 - Cannot read IP mode file for STMicroelectronics.X-CUBE-AI.10.0.0
2025-06-05 11:35:43,698 [WARN] PackLoader:240 - Cannot read IP mode file for STMicroelectronics.FP-SNS-SMARTAG2.1.2.0
2025-06-05 11:35:43,704 [WARN] PackLoader:240 - Cannot read IP mode file for STMicroelectronics.FP-SNS-FLIGHT1.5.1.0
2025-06-05 11:35:43,715 [INFO] LogOutputStream:77 - [STDOUT_REDIRECT] 1 : Invalid condition id : UX_CORESTACK_Condition cause : null
2025-06-05 11:35:43,715 [INFO] LogOutputStream:77 - [STDOUT_REDIRECT] 1 : Invalid condition id : UX_CORESTACK_Condition cause : null
2025-06-05 11:35:43,716 [INFO] LogOutputStream:77 - [STDOUT_REDIRECT] 1 : Invalid condition id : UX_CORESTACK_Condition cause : null
2025-06-05 11:35:43,717 [INFO] LogOutputStream:77 - [STDOUT_REDIRECT] 1 : Invalid condition id : UX_CORESTACK_Condition cause : null
2025-06-05 11:35:43,719 [INFO] LogOutputStream:77 - [STDOUT_REDIRECT] 1 : Invalid condition id : UX_CORESTACK_Condition cause : null
2025-06-05 11:35:43,722 [WARN] PackLoader:240 - Cannot read IP mode file for STMicroelectronics.X-CUBE-AZRTOS-WL.2.0.0
2025-06-05 11:35:43,729 [WARN] PackLoader:240 - Cannot read IP mode file for STMicroelectronics.FP-SNS-MOTENV1.5.0.0
2025-06-05 11:35:43,738 [WARN] PackLoader:240 - Cannot read IP mode file for WES.I-CUBE-Cesium.1.3.0
2025-06-05 11:35:43,747 [WARN] PackLoader:240 - Cannot read IP mode file for STMicroelectronics.X-CUBE-BLE2.3.3.0
2025-06-05 11:35:43,750 [INFO] WebApp:225 - Starting web application
2025-06-05 11:35:43,750 [INFO] WebApp:593 - Web application path used C:\ST\STM32CubeIDE_1.18.1\STM32CubeIDE\plugins\com.st.stm32cube.common.mx_6.14.1.202504091515\db\plugins\mcufinder\reactClient1\index.html
2025-06-05 11:35:43,755 [WARN] PackLoader:240 - Cannot read IP mode file for STMicroelectronics.X-CUBE-NFC9.1.0.0
2025-06-05 11:35:43,763 [WARN] PackLoader:240 - Cannot read IP mode file for wolfSSL.I-CUBE-wolfSSL.5.8.0
2025-06-05 11:35:43,771 [WARN] PackLoader:240 - Cannot read IP mode file for STMicroelectronics.X-CUBE-BLE1.7.1.0
2025-06-05 11:35:43,777 [WARN] PackLoader:240 - Cannot read IP mode file for wolfSSL.I-CUBE-wolfMQTT.1.19.2
2025-06-05 11:35:43,782 [WARN] PackLoader:240 - Cannot read IP mode file for STMicroelectronics.X-CUBE-AI.10.1.0
2025-06-05 11:35:43,824 [WARN] PackLoader:240 - Cannot read IP mode file for STMicroelectronics.X-CUBE-MEMS1.11.2.0
2025-06-05 11:35:43,954 [WARN] PackLoader:240 - Cannot read IP mode file for STMicroelectronics.X-CUBE-AZRTOS-G0.1.1.0
2025-06-05 11:35:43,964 [WARN] PackLoader:240 - Cannot read IP mode file for STMicroelectronics.X-CUBE-SAFEA1.1.2.2
2025-06-05 11:35:43,972 [WARN] PackLoader:240 - Cannot read IP mode file for STMicroelectronics.X-CUBE-NFC4.3.0.0
2025-06-05 11:35:43,983 [WARN] PackLoader:240 - Cannot read IP mode file for EmbeddedOffice.I-CUBE-FS-RTOS.1.0.1
2025-06-05 11:35:43,989 [WARN] PackLoader:240 - Cannot read IP mode file for STMicroelectronics.X-CUBE-WB05N.2.0.0
2025-06-05 11:35:43,995 [WARN] PackLoader:240 - Cannot read IP mode file for wolfSSL.I-CUBE-wolfTPM.3.8.0
2025-06-05 11:35:44,002 [WARN] PackLoader:240 - Cannot read IP mode file for STMicroelectronics.X-CUBE-TCPP.4.2.0
2025-06-05 11:35:44,011 [WARN] PackLoader:240 - Cannot read IP mode file for RealThread.X-CUBE-RT-Thread_Nano.4.1.1
2025-06-05 11:35:44,017 [WARN] PackLoader:240 - Cannot read IP mode file for STMicroelectronics.FP-ATR-SIGFOX1.3.2.0
2025-06-05 11:35:44,024 [WARN] PackLoader:240 - Cannot read IP mode file for STMicroelectronics.X-CUBE-EEPRMA1.5.1.0
2025-06-05 11:35:44,032 [WARN] PackLoader:240 - Cannot read IP mode file for ITTIA_DB.I-CUBE-ITTIADB.8.9.0
2025-06-05 11:35:44,038 [WARN] PackLoader:240 - Cannot read IP mode file for STMicroelectronics.X-CUBE-ST67W61.1.0.0
2025-06-05 11:35:44,062 [WARN] PackLoader:240 - Cannot read IP mode file for SEGGER.I-CUBE-embOS.1.3.1
2025-06-05 11:35:44,095 [WARN] PackLoader:240 - Cannot read IP mode file for STMicroelectronics.X-CUBE-ALGOBUILD.1.4.0
2025-06-05 11:35:44,115 [WARN] PackLoader:240 - Cannot read IP mode file for STMicroelectronics.X-CUBE-AZRTOS-F4.1.1.0
2025-06-05 11:35:44,121 [WARN] PackLoader:240 - Cannot read IP mode file for Avnet-IotConnect.X-CUBE-IoTC-DA16k-PMOD.1.0.0
2025-06-05 11:35:44,126 [WARN] PackLoader:240 - Cannot read IP mode file for STMicroelectronics.X-CUBE-ISPU.2.1.0
2025-06-05 11:35:44,138 [WARN] PackLoader:240 - Cannot read IP mode file for STMicroelectronics.X-CUBE-AZRTOS-L5.2.0.0
2025-06-05 11:35:44,146 [WARN] PackLoader:240 - Cannot read IP mode file for STMicroelectronics.X-CUBE-NFC6.3.1.0
2025-06-05 11:35:44,152 [WARN] PackLoader:240 - Cannot read IP mode file for STMicroelectronics.X-CUBE-FREERTOS.1.3.1
2025-06-05 11:35:44,158 [WARN] PackLoader:240 - Cannot read IP mode file for STMicroelectronics.X-CUBE-DPower.1.3.0
2025-06-05 11:35:44,172 [WARN] ConditionMgr:438 - getConditionDescription Invalid condition id : LAN8742 Phy interface Condition cause : null
2025-06-05 11:35:44,172 [WARN] PackLoader:240 - Cannot read IP mode file for STMicroelectronics.X-CUBE-AZRTOS-L4.2.0.0
2025-06-05 11:35:44,173 [WARN] ConditionMgr:1044 - genDependencies : Invalid condition id : LAN8742 Phy interface Condition cause : null
2025-06-05 11:35:44,173 [WARN] ConditionMgr:1044 - genDependencies : Invalid condition id : LAN8742 Phy interface Condition cause : null
2025-06-05 11:35:44,174 [WARN] ConditionMgr:1044 - genDependencies : Invalid condition id : LAN8742 Phy interface Condition cause : null
2025-06-05 11:35:44,181 [WARN] PackLoader:240 - Cannot read IP mode file for STMicroelectronics.X-CUBE-SFXS2LP1.4.0.0
2025-06-05 11:35:44,198 [WARN] PackLoader:240 - Cannot read IP mode file for STMicroelectronics.X-CUBE-AZRTOS-H7.3.3.0
2025-06-05 11:35:44,209 [WARN] ConditionMgr:438 - getConditionDescription Invalid condition id : UX DEVICE CLASS RTOS Condition cause : null
2025-06-05 11:35:44,210 [WARN] ConditionMgr:438 - getConditionDescription Invalid condition id : UX DEVICE CLASS RTOS Condition cause : null
2025-06-05 11:35:44,212 [WARN] PackLoader:240 - Cannot read IP mode file for STMicroelectronics.X-CUBE-AZRTOS-WB.2.0.0
2025-06-05 11:35:44,212 [WARN] ConditionMgr:1044 - genDependencies : Invalid condition id : UX DEVICE CLASS RTOS Condition cause : null
2025-06-05 11:35:44,213 [WARN] ConditionMgr:1044 - genDependencies : Invalid condition id : UX DEVICE CLASS RTOS Condition cause : null
2025-06-05 11:35:44,213 [WARN] ConditionMgr:1044 - genDependencies : Invalid condition id : UX DEVICE CLASS RTOS Condition cause : null
2025-06-05 11:35:44,213 [WARN] ConditionMgr:1044 - genDependencies : Invalid condition id : UX DEVICE CLASS RTOS Condition cause : null
2025-06-05 11:35:44,213 [WARN] ConditionMgr:1044 - genDependencies : Invalid condition id : UX DEVICE CLASS RTOS Condition cause : null
2025-06-05 11:35:44,219 [WARN] PackLoader:240 - Cannot read IP mode file for STMicroelectronics.X-CUBE-GNSS1.7.0.1
2025-06-05 11:35:44,224 [WARN] PackLoader:240 - Cannot read IP mode file for STMicroelectronics.X-CUBE-TOUCHGFX.4.25.0
2025-06-05 11:35:44,231 [WARN] PackLoader:240 - Cannot read IP mode file for STMicroelectronics.FP-SNS-STBOX1.2.0.0
2025-06-05 11:35:44,243 [WARN] PackLoader:240 - Cannot read IP mode file for STMicroelectronics.X-CUBE-SUBG2.5.0.0
2025-06-05 11:35:44,260 [WARN] PackLoader:240 - Cannot read IP mode file for STMicroelectronics.X-CUBE-AZRTOS-H7RS.1.1.0
2025-06-05 11:35:44,267 [WARN] PackLoader:240 - Cannot read IP mode file for Cesanta.I-CUBE-Mongoose.7.13.0
2025-06-05 11:35:44,281 [WARN] PackLoader:240 - Cannot read IP mode file for STMicroelectronics.X-CUBE-AZRTOS-G4.2.0.0
2025-06-05 11:35:44,287 [WARN] PackLoader:240 - Cannot read IP mode file for wolfSSL.I-CUBE-wolfSSH.1.4.20
2025-06-05 11:35:44,292 [WARN] PackLoader:240 - Cannot read IP mode file for STMicroelectronics.X-CUBE-NFC7.2.0.0
2025-06-05 11:35:44,300 [WARN] PackLoader:240 - Cannot read IP mode file for STMicroelectronics.X-CUBE-IPS.3.1.0
2025-06-05 11:35:44,307 [WARN] PackLoader:240 - Cannot read IP mode file for STMicroelectronics.X-CUBE-ALS.1.0.2
2025-06-05 11:35:44,311 [WARN] PackLoader:240 - Cannot read IP mode file for portGmbH.I-Cube-SoM-uGOAL.1.1.0
2025-06-05 11:35:44,319 [WARN] PackLoader:240 - Cannot read IP mode file for STMicroelectronics.X-CUBE-TOF1.3.4.3
2025-06-05 11:35:44,325 [INFO] ThirdParty:978 - Integrity check success = true
2025-06-05 11:35:44,325 [INFO] IntegrityCheckThread:100 - exiting critical section [integrity check]
2025-06-05 11:35:44,325 [INFO] IntegrityCheckThread:103 - End integrity checks thread
2025-06-05 16:57:35,805 [INFO] WebApp:194 - Connection lost
2025-06-05 16:57:36,111 [INFO] WebApp:191 - Connection restablished
2025-06-05 17:05:37,242 [INFO] WebApp:194 - Connection lost
2025-06-05 17:05:37,510 [INFO] WebApp:191 - Connection restablished
2025-06-05 20:23:01,763 [INFO] WebApp:194 - Connection lost
2025-06-05 20:23:02,002 [INFO] WebApp:191 - Connection restablished
2025-06-05 20:26:02,742 [INFO] WebApp:194 - Connection lost
2025-06-05 20:26:02,982 [INFO] WebApp:191 - Connection restablished
2025-06-05 23:48:11,257 [INFO] WebApp:194 - Connection lost
2025-06-05 23:48:11,506 [INFO] WebApp:191 - Connection restablished
2025-06-05 23:57:56,264 [INFO] WebApp:194 - Connection lost
2025-06-05 23:57:56,525 [INFO] WebApp:191 - Connection restablished
