2025-07-02 03:16:14,187 [ERROR] LogOutputStream:75 - [STDERR_REDIRECT] 
2025-07-02 11:18:53,609 [INFO] Activator:176 - 


2025-07-02 11:18:53,610 [INFO] Activator:177 - !SESSION log4j initialized
2025-07-02 11:18:58,160 [INFO] LogOutputStream:77 - [STDOUT_REDIRECT] 
2025-07-02 11:18:58,936 [INFO] ApplicationProperties:184 - Using Application install path: C:\ST\STM32CubeIDE_1.18.1\STM32CubeIDE\plugins\com.st.stm32cube.common.mx_6.14.1.202504091515
2025-07-02 11:18:58,956 [INFO] DbMcusXml:78 - Set database path to: C:\ST\STM32CubeIDE_1.18.1\STM32CubeIDE\plugins\com.st.stm32cube.common.mx_6.14.1.202504091515\\db\/mcu/
2025-07-02 11:18:58,957 [INFO] ApiDb:274 - Set plugin database path to: C:\ST\STM32CubeIDE_1.18.1\STM32CubeIDE\plugins\com.st.stm32cube.common.mx_6.14.1.202504091515\\db\/plugins/boardmanager/
2025-07-02 11:18:58,957 [WARN] ApiDb:259 - Overriding images path with different value:  => C:\ST\STM32CubeIDE_1.18.1\STM32CubeIDE\plugins\com.st.stm32cube.common.mx_6.14.1.202504091515\\db\/plugins/mcufinder/images/
2025-07-02 11:18:58,968 [INFO] ApiDb:250 - Set database path to: C:\Users\lenovo\.stmcufinder\plugins\mcufinder//mcu/
2025-07-02 11:18:58,971 [INFO] DbMcusAds:125 - Set database path to: C:\Users\lenovo\.stmcufinder\plugins\mcufinder//mcu/
2025-07-02 11:18:58,975 [INFO] CrossReferenceDbSqlite:203 - Set database path to: C:\Users\lenovo\.stmcufinder\plugins\mcufinder//mcu/cs/
2025-07-02 11:18:59,124 [INFO] RulesReader:64 - Compatibility file has been processed (302 Rules)
2025-07-02 11:18:59,207 [INFO] DbMcusXml:78 - Set database path to: C:\ST\STM32CubeIDE_1.18.1\STM32CubeIDE\plugins\com.st.stm32cube.common.mx_6.14.1.202504091515\\db\/mcu/
2025-07-02 11:18:59,207 [INFO] ApiDb:274 - Set plugin database path to: C:\ST\STM32CubeIDE_1.18.1\STM32CubeIDE\plugins\com.st.stm32cube.common.mx_6.14.1.202504091515\\db\/plugins/boardmanager/
2025-07-02 11:18:59,208 [INFO] ApiDb:261 - Set plugin images path to: C:\ST\STM32CubeIDE_1.18.1\STM32CubeIDE\plugins\com.st.stm32cube.common.mx_6.14.1.202504091515\\db\/plugins/mcufinder/images/
2025-07-02 11:18:59,208 [WARN] DbFile:41 - Overriding database path with different value: C:\Users\lenovo\.stmcufinder\plugins\mcufinder/ => C:\Users\lenovo\.stmcufinder\plugins\mcufinder
2025-07-02 11:18:59,209 [INFO] ApiDb:250 - Set database path to: C:\Users\lenovo\.stmcufinder\plugins\mcufinder//mcu/
2025-07-02 11:18:59,209 [WARN] DbFile:41 - Overriding database path with different value: C:\Users\lenovo\.stmcufinder\plugins\mcufinder/ => C:\Users\lenovo\.stmcufinder\plugins\mcufinder
2025-07-02 11:18:59,209 [INFO] DbMcusAds:125 - Set database path to: C:\Users\lenovo\.stmcufinder\plugins\mcufinder//mcu/
2025-07-02 11:18:59,209 [WARN] DbFile:41 - Overriding database path with different value: C:\Users\lenovo\.stmcufinder\plugins\mcufinder/ => C:\Users\lenovo\.stmcufinder\plugins\mcufinder
2025-07-02 11:18:59,209 [WARN] DbFile:41 - Overriding database path with different value: C:\Users\lenovo\.stmcufinder\plugins\mcufinder/ => C:\Users\lenovo\.stmcufinder\plugins\mcufinder
2025-07-02 11:18:59,209 [INFO] CrossReferenceDbSqlite:203 - Set database path to: C:\Users\lenovo\.stmcufinder\plugins\mcufinder//mcu/cs/
2025-07-02 11:18:59,316 [INFO] MainPanel:272 - HeapMemory: 268435456
2025-07-02 11:18:59,492 [INFO] DbMcusXml:78 - Set database path to: C:\ST\STM32CubeIDE_1.18.1\STM32CubeIDE\plugins\com.st.stm32cube.common.mx_6.14.1.202504091515\\db\/mcu/
2025-07-02 11:18:59,492 [INFO] ApiDb:274 - Set plugin database path to: C:\ST\STM32CubeIDE_1.18.1\STM32CubeIDE\plugins\com.st.stm32cube.common.mx_6.14.1.202504091515\\db\/plugins/boardmanager/
2025-07-02 11:18:59,493 [INFO] ApiDb:261 - Set plugin images path to: C:\ST\STM32CubeIDE_1.18.1\STM32CubeIDE\plugins\com.st.stm32cube.common.mx_6.14.1.202504091515\\db\/plugins/mcufinder/images/
2025-07-02 11:18:59,493 [WARN] DbFile:41 - Overriding database path with different value: C:\Users\lenovo\.stmcufinder\plugins\mcufinder/ => C:\Users\lenovo\.stmcufinder\plugins\mcufinder
2025-07-02 11:18:59,493 [INFO] ApiDb:250 - Set database path to: C:\Users\lenovo\.stmcufinder\plugins\mcufinder//mcu/
2025-07-02 11:18:59,493 [WARN] DbFile:41 - Overriding database path with different value: C:\Users\lenovo\.stmcufinder\plugins\mcufinder/ => C:\Users\lenovo\.stmcufinder\plugins\mcufinder
2025-07-02 11:18:59,493 [INFO] DbMcusAds:125 - Set database path to: C:\Users\lenovo\.stmcufinder\plugins\mcufinder//mcu/
2025-07-02 11:18:59,493 [WARN] DbFile:41 - Overriding database path with different value: C:\Users\lenovo\.stmcufinder\plugins\mcufinder/ => C:\Users\lenovo\.stmcufinder\plugins\mcufinder
2025-07-02 11:18:59,493 [WARN] DbFile:41 - Overriding database path with different value: C:\Users\lenovo\.stmcufinder\plugins\mcufinder/ => C:\Users\lenovo\.stmcufinder\plugins\mcufinder
2025-07-02 11:18:59,493 [INFO] CrossReferenceDbSqlite:203 - Set database path to: C:\Users\lenovo\.stmcufinder\plugins\mcufinder//mcu/cs/
2025-07-02 11:18:59,512 [INFO] ApplicationProperties:184 - Using Application install path: C:\ST\STM32CubeIDE_1.18.1\STM32CubeIDE\plugins\com.st.stm32cube.common.mx_6.14.1.202504091515
2025-07-02 11:18:59,514 [INFO] PluginManage:196 - Search for loadable plugins [exclusion list=, ]
2025-07-02 11:18:59,515 [INFO] PluginManage:310 - Check plugin analytics
2025-07-02 11:18:59,703 [INFO] AnalyticsPlugin:253 - Accepted Software Licenses: 
2025-07-02 11:18:59,703 [INFO] AnalyticsPlugin:255 - Accepted CMSIS Pack Licenses: 
2025-07-02 11:18:59,703 [INFO] AnalyticsPlugin:257 - Accepted Firmware Licenses: 
2025-07-02 11:18:59,706 [INFO] PluginManage:359 - Loaded plugin analytics (category:tool,tabindex:-1)
2025-07-02 11:18:59,706 [INFO] PluginManage:310 - Check plugin cadmodel
2025-07-02 11:18:59,711 [INFO] CADModel:105 - Init CAD model plugin
2025-07-02 11:18:59,711 [INFO] PluginManage:359 - Loaded plugin cadmodel (category:power,tabindex:5)
2025-07-02 11:18:59,712 [INFO] PluginManage:310 - Check plugin clock
2025-07-02 11:18:59,721 [INFO] PluginManage:359 - Loaded plugin clock (category:base,tabindex:2)
2025-07-02 11:18:59,722 [INFO] PluginManage:310 - Check plugin ddr
2025-07-02 11:18:59,727 [INFO] PluginManage:359 - Loaded plugin ddr (category:tool,tabindex:6)
2025-07-02 11:18:59,727 [INFO] PluginManage:310 - Check plugin filemanager
2025-07-02 11:18:59,897 [INFO] PluginManage:359 - Loaded plugin filemanager (category:base,tabindex:10)
2025-07-02 11:18:59,898 [INFO] PluginManage:310 - Check plugin ipmanager
2025-07-02 11:18:59,908 [INFO] PluginManage:359 - Loaded plugin ipmanager (category:base,tabindex:5)
2025-07-02 11:18:59,908 [INFO] PluginManage:310 - Check plugin lpbam
2025-07-02 11:18:59,923 [INFO] PluginManage:359 - Loaded plugin lpbam (category:base,tabindex:0)
2025-07-02 11:18:59,923 [INFO] PluginManage:310 - Check plugin memorymap
2025-07-02 11:18:59,941 [INFO] PluginManage:359 - Loaded plugin memorymap (category:base,tabindex:4)
2025-07-02 11:18:59,941 [INFO] PluginManage:310 - Check plugin pinoutandconfiguration
2025-07-02 11:18:59,952 [INFO] PluginManage:359 - Loaded plugin pinoutandconfiguration (category:base,tabindex:1)
2025-07-02 11:18:59,952 [INFO] PluginManage:310 - Check plugin pinoutconfig
2025-07-02 11:19:00,064 [WARN] SupportedApi:132 - Cannot load RTOS API schema: s4s-elt-must-match.1: The content of 'definitions' must match (annotation?, (simpleType | complexType)?, (unique | key | keyref)*)). A problem was found starting at: attribute.
2025-07-02 11:19:00,226 [INFO] PluginManage:359 - Loaded plugin pinoutconfig (category:base,tabindex:0)
2025-07-02 11:19:00,226 [INFO] PluginManage:310 - Check plugin power
2025-07-02 11:19:00,239 [INFO] PluginManage:359 - Loaded plugin power (category:power,tabindex:4)
2025-07-02 11:19:00,239 [INFO] PluginManage:310 - Check plugin projectmanager
2025-07-02 11:19:00,252 [INFO] PluginManage:359 - Loaded plugin projectmanager (category:projectmanager,tabindex:4)
2025-07-02 11:19:00,252 [INFO] PluginManage:310 - Check plugin rif
2025-07-02 11:19:00,262 [INFO] PluginManage:359 - Loaded plugin rif (category:base,tabindex:3)
2025-07-02 11:19:00,262 [INFO] PluginManage:310 - Check plugin thirdparty
2025-07-02 11:19:00,436 [INFO] PluginManage:359 - Loaded plugin thirdparty (category:base,tabindex:-1)
2025-07-02 11:19:00,437 [INFO] PluginManage:310 - Check plugin tools
2025-07-02 11:19:00,436 [WARN] IntegrityCheckThread:84 - waiting for thirdparty lock release [integrity check]
2025-07-02 11:19:00,437 [INFO] IntegrityCheckThread:86 - entering critical section [integrity check]
2025-07-02 11:19:00,438 [INFO] ThirdPartyUpdaterWithRetryManager:70 - Updater plugin not ready yet. [1/15]
2025-07-02 11:19:00,442 [INFO] PluginManage:359 - Loaded plugin tools (category:base,tabindex:7)
2025-07-02 11:19:00,442 [INFO] PluginManage:310 - Check plugin tutovideos
2025-07-02 11:19:00,657 [INFO] PluginManage:359 - Loaded plugin tutovideos (category:base,tabindex:-1)
2025-07-02 11:19:00,657 [INFO] PluginManage:310 - Check plugin updater
2025-07-02 11:19:00,677 [INFO] PluginManage:359 - Loaded plugin updater (category:base,tabindex:12)
2025-07-02 11:19:00,677 [INFO] PluginManage:310 - Check plugin userauth
2025-07-02 11:19:00,682 [INFO] UserAuth:118 - Init User Auth plugin
2025-07-02 11:19:00,683 [INFO] PluginManage:359 - Loaded plugin userauth (category:base,tabindex:14)
2025-07-02 11:19:00,683 [INFO] PluginManage:283 - PluginManage : Loaded plugins [18]
2025-07-02 11:19:00,921 [INFO] PinOutPanel:1589 - setPackage(No Configuration,No Configuration)
2025-07-02 11:19:01,016 [INFO] CADModel:165 - CPN selected for project level
2025-07-02 11:19:01,016 [INFO] CADModel:114 - Register for checkConnection events
2025-07-02 11:19:01,038 [INFO] IPUIPlugin:80 - create IPUIPlugin
2025-07-02 11:19:01,039 [INFO] PluginManager:220 - loadIPPluginJar : add adc
2025-07-02 11:19:01,043 [INFO] IPUIPlugin:80 - create IPUIPlugin
2025-07-02 11:19:01,043 [INFO] PluginManager:220 - loadIPPluginJar : add aes
2025-07-02 11:19:01,047 [INFO] IPUIPlugin:80 - create IPUIPlugin
2025-07-02 11:19:01,047 [INFO] PluginManager:220 - loadIPPluginJar : add can
2025-07-02 11:19:01,051 [INFO] IPUIPlugin:80 - create IPUIPlugin
2025-07-02 11:19:01,051 [INFO] PluginManager:220 - loadIPPluginJar : add comp
2025-07-02 11:19:01,054 [INFO] IPUIPlugin:80 - create IPUIPlugin
2025-07-02 11:19:01,054 [INFO] PluginManager:220 - loadIPPluginJar : add cryp
2025-07-02 11:19:01,059 [INFO] IPUIPlugin:80 - create IPUIPlugin
2025-07-02 11:19:01,059 [INFO] PluginManager:220 - loadIPPluginJar : add ddr_ctrl_phy
2025-07-02 11:19:01,062 [INFO] IPUIPlugin:80 - create IPUIPlugin
2025-07-02 11:19:01,062 [INFO] PluginManager:220 - loadIPPluginJar : add dfsdm
2025-07-02 11:19:01,067 [INFO] IPUIPlugin:80 - create IPUIPlugin
2025-07-02 11:19:01,069 [INFO] PluginManager:220 - loadIPPluginJar : add dma
2025-07-02 11:19:01,072 [INFO] IPUIPlugin:80 - create IPUIPlugin
2025-07-02 11:19:01,073 [INFO] PluginManager:220 - loadIPPluginJar : add dma3
2025-07-02 11:19:01,076 [INFO] IPUIPlugin:80 - create IPUIPlugin
2025-07-02 11:19:01,076 [INFO] PluginManager:220 - loadIPPluginJar : add extmemmanager
2025-07-02 11:19:01,079 [INFO] IPUIPlugin:80 - create IPUIPlugin
2025-07-02 11:19:01,079 [INFO] PluginManager:220 - loadIPPluginJar : add fatfs
2025-07-02 11:19:01,084 [INFO] IPUIPlugin:80 - create IPUIPlugin
2025-07-02 11:19:01,084 [INFO] PluginManager:220 - loadIPPluginJar : add fmc
2025-07-02 11:19:01,091 [INFO] IPUIPlugin:80 - create IPUIPlugin
2025-07-02 11:19:01,091 [INFO] PluginManager:220 - loadIPPluginJar : add freertos
2025-07-02 11:19:01,093 [INFO] IPUIPlugin:80 - create IPUIPlugin
2025-07-02 11:19:01,093 [INFO] PluginManager:220 - loadIPPluginJar : add genericplugin
2025-07-02 11:19:01,095 [INFO] IPUIPlugin:80 - create IPUIPlugin
2025-07-02 11:19:01,096 [INFO] PluginManager:220 - loadIPPluginJar : add gfxmmu
2025-07-02 11:19:01,100 [INFO] IPUIPlugin:80 - create IPUIPlugin
2025-07-02 11:19:01,101 [INFO] PluginManager:220 - loadIPPluginJar : add gic
2025-07-02 11:19:01,105 [INFO] IPUIPlugin:80 - create IPUIPlugin
2025-07-02 11:19:01,105 [INFO] PluginManager:220 - loadIPPluginJar : add gpio
2025-07-02 11:19:01,109 [INFO] IPUIPlugin:80 - create IPUIPlugin
2025-07-02 11:19:01,109 [INFO] PluginManager:220 - loadIPPluginJar : add gtzc
2025-07-02 11:19:01,112 [INFO] IPUIPlugin:80 - create IPUIPlugin
2025-07-02 11:19:01,113 [INFO] PluginManager:220 - loadIPPluginJar : add hash
2025-07-02 11:19:01,116 [INFO] IPUIPlugin:80 - create IPUIPlugin
2025-07-02 11:19:01,116 [INFO] PluginManager:220 - loadIPPluginJar : add i2c
2025-07-02 11:19:01,119 [INFO] IPUIPlugin:80 - create IPUIPlugin
2025-07-02 11:19:01,120 [INFO] PluginManager:220 - loadIPPluginJar : add i2s
2025-07-02 11:19:01,123 [INFO] IPUIPlugin:80 - create IPUIPlugin
2025-07-02 11:19:01,123 [INFO] PluginManager:220 - loadIPPluginJar : add i3c
2025-07-02 11:19:01,128 [INFO] IPUIPlugin:80 - create IPUIPlugin
2025-07-02 11:19:01,128 [INFO] PluginManager:220 - loadIPPluginJar : add ipddr
2025-07-02 11:19:01,135 [INFO] IPUIPlugin:80 - create IPUIPlugin
2025-07-02 11:19:01,135 [INFO] PluginManager:220 - loadIPPluginJar : add linkedlist
2025-07-02 11:19:01,139 [INFO] IPUIPlugin:80 - create IPUIPlugin
2025-07-02 11:19:01,140 [INFO] PluginManager:220 - loadIPPluginJar : add lorawan
2025-07-02 11:19:01,142 [INFO] IPUIPlugin:80 - create IPUIPlugin
2025-07-02 11:19:01,142 [INFO] PluginManager:220 - loadIPPluginJar : add ltdc
2025-07-02 11:19:01,148 [INFO] IPUIPlugin:80 - create IPUIPlugin
2025-07-02 11:19:01,148 [INFO] PluginManager:220 - loadIPPluginJar : add mdma
2025-07-02 11:19:01,152 [INFO] IPUIPlugin:80 - create IPUIPlugin
2025-07-02 11:19:01,152 [INFO] PluginManager:220 - loadIPPluginJar : add nvic
2025-07-02 11:19:01,156 [INFO] IPUIPlugin:80 - create IPUIPlugin
2025-07-02 11:19:01,156 [INFO] PluginManager:220 - loadIPPluginJar : add opamp
2025-07-02 11:19:01,159 [INFO] IPUIPlugin:80 - create IPUIPlugin
2025-07-02 11:19:01,159 [INFO] PluginManager:220 - loadIPPluginJar : add openamp
2025-07-02 11:19:01,163 [INFO] IPUIPlugin:80 - create IPUIPlugin
2025-07-02 11:19:01,163 [INFO] PluginManager:220 - loadIPPluginJar : add pdm2pcm
2025-07-02 11:19:01,169 [INFO] IPUIPlugin:80 - create IPUIPlugin
2025-07-02 11:19:01,172 [INFO] PluginManager:220 - loadIPPluginJar : add plateformsettings
2025-07-02 11:19:01,174 [INFO] IPUIPlugin:80 - create IPUIPlugin
2025-07-02 11:19:01,174 [INFO] PluginManager:220 - loadIPPluginJar : add quadspi
2025-07-02 11:19:01,176 [INFO] IPUIPlugin:80 - create IPUIPlugin
2025-07-02 11:19:01,176 [INFO] PluginManager:220 - loadIPPluginJar : add radio
2025-07-02 11:19:01,180 [INFO] IPUIPlugin:80 - create IPUIPlugin
2025-07-02 11:19:01,180 [INFO] PluginManager:220 - loadIPPluginJar : add resmgrutility
2025-07-02 11:19:01,183 [INFO] IPUIPlugin:80 - create IPUIPlugin
2025-07-02 11:19:01,184 [INFO] PluginManager:220 - loadIPPluginJar : add sai
2025-07-02 11:19:01,186 [INFO] IPUIPlugin:80 - create IPUIPlugin
2025-07-02 11:19:01,186 [INFO] PluginManager:220 - loadIPPluginJar : add spi
2025-07-02 11:19:01,194 [INFO] IPUIPlugin:80 - create IPUIPlugin
2025-07-02 11:19:01,194 [INFO] PluginManager:220 - loadIPPluginJar : add stm32_wpan
2025-07-02 11:19:01,197 [INFO] IPUIPlugin:80 - create IPUIPlugin
2025-07-02 11:19:01,198 [INFO] PluginManager:220 - loadIPPluginJar : add tim
2025-07-02 11:19:01,201 [INFO] IPUIPlugin:80 - create IPUIPlugin
2025-07-02 11:19:01,201 [INFO] PluginManager:220 - loadIPPluginJar : add touchsensing
2025-07-02 11:19:01,205 [INFO] IPUIPlugin:80 - create IPUIPlugin
2025-07-02 11:19:01,205 [INFO] PluginManager:220 - loadIPPluginJar : add tracer_emb
2025-07-02 11:19:01,207 [INFO] IPUIPlugin:80 - create IPUIPlugin
2025-07-02 11:19:01,207 [INFO] PluginManager:220 - loadIPPluginJar : add ts
2025-07-02 11:19:01,209 [INFO] IPUIPlugin:80 - create IPUIPlugin
2025-07-02 11:19:01,209 [INFO] PluginManager:220 - loadIPPluginJar : add tsc
2025-07-02 11:19:01,211 [INFO] IPUIPlugin:80 - create IPUIPlugin
2025-07-02 11:19:01,212 [INFO] PluginManager:220 - loadIPPluginJar : add ucpd
2025-07-02 11:19:01,214 [INFO] IPUIPlugin:80 - create IPUIPlugin
2025-07-02 11:19:01,214 [INFO] PluginManager:220 - loadIPPluginJar : add usart
2025-07-02 11:19:01,218 [INFO] IPUIPlugin:80 - create IPUIPlugin
2025-07-02 11:19:01,218 [INFO] PluginManager:220 - loadIPPluginJar : add usbx
2025-07-02 11:19:01,340 [FATAL] Updater:351 - Updater called before beeing initialized
2025-07-02 11:19:01,382 [INFO] RulesReader:64 - Compatibility file has been processed (302 Rules)
2025-07-02 11:19:01,392 [INFO] RulesReader:64 - Compatibility file has been processed (302 Rules)
2025-07-02 11:19:01,400 [INFO] CADModel:165 - CPN selected for project level
2025-07-02 11:19:01,400 [INFO] CADModel:114 - Register for checkConnection events
2025-07-02 11:19:01,400 [FATAL] Updater:351 - Updater called before beeing initialized
2025-07-02 11:19:01,400 [ERROR] CADModel:125 - Updater not yet initialized, retry later 
2025-07-02 11:19:01,519 [FATAL] Updater:351 - Updater called before beeing initialized
2025-07-02 11:19:01,521 [INFO] CADModel:165 - CPN selected for project level
2025-07-02 11:19:01,521 [INFO] CADModel:114 - Register for checkConnection events
2025-07-02 11:19:01,522 [FATAL] Updater:351 - Updater called before beeing initialized
2025-07-02 11:19:01,522 [ERROR] CADModel:125 - Updater not yet initialized, retry later 
2025-07-02 11:19:01,526 [FATAL] Updater:351 - Updater called before beeing initialized
2025-07-02 11:19:01,624 [FATAL] Updater:351 - Updater called before beeing initialized
2025-07-02 11:19:01,629 [INFO] DbMcusAds:53 - JSON generation date=Thu Jun 19 14:02:34 IST 2025 (1750321954415)
2025-07-02 11:19:01,629 [FATAL] Updater:351 - Updater called before beeing initialized
2025-07-02 11:19:01,662 [WARN] DetailPanel:346 - Failed to get advertising image, set to default
2025-07-02 11:19:01,868 [FATAL] Updater:351 - Updater called before beeing initialized
2025-07-02 11:19:01,871 [FATAL] Updater:351 - Updater called before beeing initialized
2025-07-02 11:19:01,872 [FATAL] Updater:351 - Updater called before beeing initialized
2025-07-02 11:19:01,872 [WARN] DetailPanel:346 - Failed to get advertising image, set to default
2025-07-02 11:19:01,873 [FATAL] Updater:351 - Updater called before beeing initialized
2025-07-02 11:19:01,928 [ERROR] Updater:1198 - MainUpdater not yet initialized. External WinMGr cannot be set.
2025-07-02 11:19:01,930 [INFO] Updater:1134 - Updater Version found : 6.14.1
2025-07-02 11:19:01,953 [INFO] ApplicationProperties:184 - Using Application install path: C:\ST\STM32CubeIDE_1.18.1\STM32CubeIDE\plugins\com.st.stm32cube.common.mx_6.14.1.202504091515
2025-07-02 11:19:03,438 [INFO] ThirdPartyUpdaterWithRetryManager:70 - Updater plugin not ready yet. [2/15]
2025-07-02 11:19:03,533 [ERROR] LogOutputStream:75 - [STDERR_REDIRECT] Jul 02, 2025 11:19:03 AM java.util.prefs.WindowsPreferences <init>
2025-07-02 11:19:03,535 [ERROR] LogOutputStream:75 - [STDERR_REDIRECT] WARNING: Could not open/create prefs root node Software\JavaSoft\Prefs at root 0xffffffff80000002. Windows RegCreateKeyEx(...) returned error code 5.
2025-07-02 11:19:03,535 [ERROR] LogOutputStream:75 - [STDERR_REDIRECT] 
2025-07-02 11:19:03,783 [INFO] MainUpdater:2872 - connection check result : 10
2025-07-02 11:19:03,784 [INFO] MainUpdater:289 - Updater Check For Update Now.
2025-07-02 11:19:03,784 [INFO] MicroXplorer:498 - Change Database Version : DB.6.0.141
2025-07-02 11:19:03,797 [INFO] McuFinderGlobals:63 - Set McuFinder mode to 2 (CubeIDE integrated)
2025-07-02 11:19:03,797 [INFO] UserAuth:171 - activating auth plugin
2025-07-02 11:19:03,801 [INFO] UserAuth:484 - Internet connection configuration mode: 1
2025-07-02 11:19:03,835 [INFO] JxBrowserEngine:152 - Initiate JxBrowser Engine with user profile folder
2025-07-02 11:19:03,953 [INFO] CheckServerUpdateThread:120 - End of CheckServer Thread
2025-07-02 11:19:05,291 [INFO] WebApp:169 - Instantiating new browser for Auth
2025-07-02 11:19:06,085 [INFO] WebApp:463 - Apply proxy settings
2025-07-02 11:19:06,085 [INFO] WebApp:548 - Chromium requires no authentication
2025-07-02 11:19:06,096 [INFO] WebApp:491 - Direct internet connection detected
2025-07-02 11:19:06,134 [INFO] WebApp:894 - Register for checkConnection events
2025-07-02 11:19:06,134 [INFO] WebApp:463 - Apply proxy settings
2025-07-02 11:19:06,134 [INFO] WebApp:548 - Chromium requires no authentication
2025-07-02 11:19:06,135 [INFO] WebApp:491 - Direct internet connection detected
2025-07-02 11:19:06,313 [INFO] WebApp:191 - Connection restablished
2025-07-02 11:19:06,404 [INFO] WebApp:225 - Starting web application
2025-07-02 11:19:06,405 [INFO] WebApp:593 - Web application path used C:\ST\STM32CubeIDE_1.18.1\STM32CubeIDE\plugins\com.st.stm32cube.common.mx_6.14.1.202504091515\db\plugins\mcufinder\reactClient1\index.html
2025-07-02 11:19:06,772 [WARN] PackLoader:240 - Cannot read IP mode file for STMicroelectronics.FP-SNS-MOTENVWB1.1.4.0
2025-07-02 11:19:06,786 [WARN] PackLoader:240 - Cannot read IP mode file for STMicroelectronics.FP-ATR-ASTRA1.2.0.2
2025-07-02 11:19:06,799 [WARN] PackLoader:240 - Cannot read IP mode file for STMicroelectronics.X-CUBE-SMBUS.2.1.0
2025-07-02 11:19:06,831 [WARN] PackLoader:240 - Cannot read IP mode file for STMicroelectronics.X-CUBE-AZRTOS-F7.1.1.0
2025-07-02 11:19:06,855 [WARN] PackLoader:240 - Cannot read IP mode file for Infineon.AIROC-Wi-Fi-Bluetooth-STM32.1.7.0
2025-07-02 11:19:06,867 [WARN] PackLoader:240 - Cannot read IP mode file for STMicroelectronics.X-CUBE-DISPLAY.3.0.0
2025-07-02 11:19:06,882 [WARN] PackLoader:240 - Cannot read IP mode file for STMicroelectronics.X-CUBE-NFC10.1.0.0
2025-07-02 11:19:06,895 [WARN] PackLoader:240 - Cannot read IP mode file for STMicroelectronics.X-CUBE-BLEMGR.4.0.0
2025-07-02 11:19:06,902 [WARN] PackLoader:240 - Cannot read IP mode file for emotas.I-CUBE-CANOPEN.1.3.0
2025-07-02 11:19:06,908 [WARN] ConditionMgr:438 - getConditionDescription Invalid condition id : Cortex-A Device cause : null
2025-07-02 11:19:06,924 [WARN] ConditionMgr:1044 - genDependencies : Invalid condition id : Cortex-A Device cause : null
2025-07-02 11:19:06,924 [WARN] ConditionMgr:1044 - genDependencies : Invalid condition id : Cortex-A Device cause : null
2025-07-02 11:19:06,924 [WARN] ConditionMgr:1044 - genDependencies : Invalid condition id : Cortex-A Device cause : null
2025-07-02 11:19:06,931 [WARN] PackLoader:240 - Cannot read IP mode file for STMicroelectronics.X-CUBE-AI.10.0.0
2025-07-02 11:19:06,935 [WARN] PackLoader:240 - Cannot read IP mode file for STMicroelectronics.FP-SNS-SMARTAG2.1.2.0
2025-07-02 11:19:06,941 [WARN] PackLoader:240 - Cannot read IP mode file for STMicroelectronics.FP-SNS-FLIGHT1.5.1.0
2025-07-02 11:19:06,949 [INFO] LogOutputStream:77 - [STDOUT_REDIRECT] 1 : Invalid condition id : UX_CORESTACK_Condition cause : null
2025-07-02 11:19:06,949 [INFO] LogOutputStream:77 - [STDOUT_REDIRECT] 1 : Invalid condition id : UX_CORESTACK_Condition cause : null
2025-07-02 11:19:06,950 [INFO] LogOutputStream:77 - [STDOUT_REDIRECT] 1 : Invalid condition id : UX_CORESTACK_Condition cause : null
2025-07-02 11:19:06,950 [INFO] LogOutputStream:77 - [STDOUT_REDIRECT] 1 : Invalid condition id : UX_CORESTACK_Condition cause : null
2025-07-02 11:19:06,951 [INFO] LogOutputStream:77 - [STDOUT_REDIRECT] 1 : Invalid condition id : UX_CORESTACK_Condition cause : null
2025-07-02 11:19:06,953 [WARN] PackLoader:240 - Cannot read IP mode file for STMicroelectronics.X-CUBE-AZRTOS-WL.2.0.0
2025-07-02 11:19:06,960 [WARN] PackLoader:240 - Cannot read IP mode file for STMicroelectronics.FP-SNS-MOTENV1.5.0.0
2025-07-02 11:19:06,969 [WARN] PackLoader:240 - Cannot read IP mode file for WES.I-CUBE-Cesium.1.3.0
2025-07-02 11:19:06,974 [WARN] PackLoader:240 - Cannot read IP mode file for STMicroelectronics.X-CUBE-BLE2.3.3.0
2025-07-02 11:19:06,983 [WARN] PackLoader:240 - Cannot read IP mode file for STMicroelectronics.X-CUBE-NFC9.1.0.0
2025-07-02 11:19:06,989 [WARN] PackLoader:240 - Cannot read IP mode file for wolfSSL.I-CUBE-wolfSSL.5.8.0
2025-07-02 11:19:06,996 [WARN] PackLoader:240 - Cannot read IP mode file for STMicroelectronics.X-CUBE-BLE1.7.1.0
2025-07-02 11:19:07,001 [WARN] PackLoader:240 - Cannot read IP mode file for wolfSSL.I-CUBE-wolfMQTT.1.19.2
2025-07-02 11:19:07,005 [WARN] PackLoader:240 - Cannot read IP mode file for STMicroelectronics.X-CUBE-AI.10.1.0
2025-07-02 11:19:07,062 [WARN] PackLoader:240 - Cannot read IP mode file for STMicroelectronics.X-CUBE-MEMS1.11.2.0
2025-07-02 11:19:07,198 [WARN] PackLoader:240 - Cannot read IP mode file for STMicroelectronics.X-CUBE-AZRTOS-G0.1.1.0
2025-07-02 11:19:07,209 [WARN] PackLoader:240 - Cannot read IP mode file for STMicroelectronics.X-CUBE-SAFEA1.1.2.2
2025-07-02 11:19:07,214 [WARN] PackLoader:240 - Cannot read IP mode file for STMicroelectronics.X-CUBE-NFC4.3.0.0
2025-07-02 11:19:07,221 [WARN] PackLoader:240 - Cannot read IP mode file for EmbeddedOffice.I-CUBE-FS-RTOS.1.0.1
2025-07-02 11:19:07,227 [WARN] PackLoader:240 - Cannot read IP mode file for STMicroelectronics.X-CUBE-WB05N.2.0.0
2025-07-02 11:19:07,230 [WARN] PackLoader:240 - Cannot read IP mode file for wolfSSL.I-CUBE-wolfTPM.3.8.0
2025-07-02 11:19:07,235 [WARN] PackLoader:240 - Cannot read IP mode file for STMicroelectronics.X-CUBE-TCPP.4.2.0
2025-07-02 11:19:07,240 [WARN] PackLoader:240 - Cannot read IP mode file for RealThread.X-CUBE-RT-Thread_Nano.4.1.1
2025-07-02 11:19:07,245 [WARN] PackLoader:240 - Cannot read IP mode file for STMicroelectronics.FP-ATR-SIGFOX1.3.2.0
2025-07-02 11:19:07,250 [WARN] PackLoader:240 - Cannot read IP mode file for STMicroelectronics.X-CUBE-EEPRMA1.5.1.0
2025-07-02 11:19:07,255 [WARN] PackLoader:240 - Cannot read IP mode file for ITTIA_DB.I-CUBE-ITTIADB.8.9.0
2025-07-02 11:19:07,266 [WARN] PackLoader:240 - Cannot read IP mode file for STMicroelectronics.X-CUBE-ST67W61.1.0.0
2025-07-02 11:19:07,282 [WARN] PackLoader:240 - Cannot read IP mode file for SEGGER.I-CUBE-embOS.1.3.1
2025-07-02 11:19:07,309 [WARN] PackLoader:240 - Cannot read IP mode file for STMicroelectronics.X-CUBE-ALGOBUILD.1.4.0
2025-07-02 11:19:07,346 [WARN] PackLoader:240 - Cannot read IP mode file for STMicroelectronics.X-CUBE-MEMS1.11.3.0
2025-07-02 11:19:07,410 [WARN] PackLoader:240 - Cannot read IP mode file for STMicroelectronics.X-CUBE-PM33A1.1.0.0
2025-07-02 11:19:07,419 [WARN] PackLoader:240 - Cannot read IP mode file for STMicroelectronics.X-CUBE-AZRTOS-F4.1.1.0
2025-07-02 11:19:07,424 [WARN] PackLoader:240 - Cannot read IP mode file for Avnet-IotConnect.X-CUBE-IoTC-DA16k-PMOD.1.0.0
2025-07-02 11:19:07,427 [WARN] PackLoader:240 - Cannot read IP mode file for STMicroelectronics.X-CUBE-ISPU.2.1.0
2025-07-02 11:19:07,436 [WARN] PackLoader:240 - Cannot read IP mode file for STMicroelectronics.X-CUBE-AZRTOS-L5.2.0.0
2025-07-02 11:19:07,444 [WARN] PackLoader:240 - Cannot read IP mode file for STMicroelectronics.X-CUBE-NFC6.3.1.0
2025-07-02 11:19:07,449 [WARN] PackLoader:240 - Cannot read IP mode file for STMicroelectronics.X-CUBE-FREERTOS.1.3.1
2025-07-02 11:19:07,453 [WARN] PackLoader:240 - Cannot read IP mode file for STMicroelectronics.FP-SNS-STAIOTCFT.1.0.0
2025-07-02 11:19:07,458 [WARN] PackLoader:240 - Cannot read IP mode file for STMicroelectronics.X-CUBE-DPower.1.3.0
2025-07-02 11:19:07,467 [WARN] ConditionMgr:438 - getConditionDescription Invalid condition id : LAN8742 Phy interface Condition cause : null
2025-07-02 11:19:07,467 [WARN] PackLoader:240 - Cannot read IP mode file for STMicroelectronics.X-CUBE-AZRTOS-L4.2.0.0
2025-07-02 11:19:07,468 [WARN] ConditionMgr:1044 - genDependencies : Invalid condition id : LAN8742 Phy interface Condition cause : null
2025-07-02 11:19:07,468 [WARN] ConditionMgr:1044 - genDependencies : Invalid condition id : LAN8742 Phy interface Condition cause : null
2025-07-02 11:19:07,468 [WARN] ConditionMgr:1044 - genDependencies : Invalid condition id : LAN8742 Phy interface Condition cause : null
2025-07-02 11:19:07,474 [WARN] PackLoader:240 - Cannot read IP mode file for STMicroelectronics.X-CUBE-SFXS2LP1.4.0.0
2025-07-02 11:19:07,485 [WARN] PackLoader:240 - Cannot read IP mode file for STMicroelectronics.X-CUBE-AZRTOS-H7.3.3.0
2025-07-02 11:19:07,493 [WARN] ConditionMgr:438 - getConditionDescription Invalid condition id : UX DEVICE CLASS RTOS Condition cause : null
2025-07-02 11:19:07,493 [WARN] ConditionMgr:438 - getConditionDescription Invalid condition id : UX DEVICE CLASS RTOS Condition cause : null
2025-07-02 11:19:07,495 [WARN] PackLoader:240 - Cannot read IP mode file for STMicroelectronics.X-CUBE-AZRTOS-WB.2.0.0
2025-07-02 11:19:07,495 [WARN] ConditionMgr:1044 - genDependencies : Invalid condition id : UX DEVICE CLASS RTOS Condition cause : null
2025-07-02 11:19:07,495 [WARN] ConditionMgr:1044 - genDependencies : Invalid condition id : UX DEVICE CLASS RTOS Condition cause : null
2025-07-02 11:19:07,496 [WARN] ConditionMgr:1044 - genDependencies : Invalid condition id : UX DEVICE CLASS RTOS Condition cause : null
2025-07-02 11:19:07,496 [WARN] ConditionMgr:1044 - genDependencies : Invalid condition id : UX DEVICE CLASS RTOS Condition cause : null
2025-07-02 11:19:07,496 [WARN] ConditionMgr:1044 - genDependencies : Invalid condition id : UX DEVICE CLASS RTOS Condition cause : null
2025-07-02 11:19:07,500 [WARN] PackLoader:240 - Cannot read IP mode file for STMicroelectronics.X-CUBE-GNSS1.7.0.1
2025-07-02 11:19:07,506 [WARN] PackLoader:240 - Cannot read IP mode file for STMicroelectronics.X-CUBE-TOUCHGFX.4.25.0
2025-07-02 11:19:07,511 [WARN] PackLoader:240 - Cannot read IP mode file for STMicroelectronics.FP-SNS-STBOX1.2.0.0
2025-07-02 11:19:07,517 [WARN] PackLoader:240 - Cannot read IP mode file for STMicroelectronics.X-CUBE-SUBG2.5.0.0
2025-07-02 11:19:07,540 [WARN] PackLoader:240 - Cannot read IP mode file for STMicroelectronics.X-CUBE-AZRTOS-H7RS.1.1.0
2025-07-02 11:19:07,548 [WARN] PackLoader:240 - Cannot read IP mode file for Cesanta.I-CUBE-Mongoose.7.13.0
2025-07-02 11:19:07,559 [WARN] PackLoader:240 - Cannot read IP mode file for STMicroelectronics.X-CUBE-AZRTOS-G4.2.0.0
2025-07-02 11:19:07,566 [WARN] PackLoader:240 - Cannot read IP mode file for wolfSSL.I-CUBE-wolfSSH.1.4.20
2025-07-02 11:19:07,571 [WARN] PackLoader:240 - Cannot read IP mode file for STMicroelectronics.X-CUBE-NFC7.2.0.0
2025-07-02 11:19:07,602 [WARN] PackLoader:240 - Cannot read IP mode file for STMicroelectronics.X-CUBE-IPS.3.1.0
2025-07-02 11:19:07,610 [WARN] PackLoader:240 - Cannot read IP mode file for STMicroelectronics.X-CUBE-ALS.1.0.2
2025-07-02 11:19:07,616 [WARN] PackLoader:240 - Cannot read IP mode file for portGmbH.I-Cube-SoM-uGOAL.1.1.0
2025-07-02 11:19:07,626 [WARN] PackLoader:240 - Cannot read IP mode file for STMicroelectronics.X-CUBE-TOF1.3.4.3
2025-07-02 11:19:07,634 [INFO] ThirdParty:978 - Integrity check success = true
2025-07-02 11:19:07,634 [INFO] IntegrityCheckThread:100 - exiting critical section [integrity check]
2025-07-02 11:19:07,634 [INFO] IntegrityCheckThread:103 - End integrity checks thread
2025-07-02 13:00:51,477 [INFO] WebApp:194 - Connection lost
2025-07-02 13:00:51,683 [INFO] WebApp:191 - Connection restablished
2025-07-02 13:01:02,958 [INFO] WebApp:194 - Connection lost
2025-07-02 13:01:03,117 [INFO] WebApp:191 - Connection restablished
