2025-06-22 00:33:21,733 [ERROR] LogOutputStream:75 - [STDERR_REDIRECT] 
2025-06-22 11:38:44,014 [INFO] Activator:176 - 


2025-06-22 11:38:44,016 [INFO] Activator:177 - !SESSION log4j initialized
2025-06-22 11:38:48,696 [INFO] LogOutputStream:77 - [STDOUT_REDIRECT] 
2025-06-22 11:38:52,556 [INFO] ApplicationProperties:184 - Using Application install path: C:\ST\STM32CubeIDE_1.18.1\STM32CubeIDE\plugins\com.st.stm32cube.common.mx_6.14.1.202504091515
2025-06-22 11:38:52,610 [INFO] DbMcusXml:78 - Set database path to: C:\ST\STM32CubeIDE_1.18.1\STM32CubeIDE\plugins\com.st.stm32cube.common.mx_6.14.1.202504091515\\db\/mcu/
2025-06-22 11:38:52,611 [INFO] ApiDb:274 - Set plugin database path to: C:\ST\STM32CubeIDE_1.18.1\STM32CubeIDE\plugins\com.st.stm32cube.common.mx_6.14.1.202504091515\\db\/plugins/boardmanager/
2025-06-22 11:38:52,612 [WARN] ApiDb:259 - Overriding images path with different value:  => C:\ST\STM32CubeIDE_1.18.1\STM32CubeIDE\plugins\com.st.stm32cube.common.mx_6.14.1.202504091515\\db\/plugins/mcufinder/images/
2025-06-22 11:38:52,631 [INFO] ApiDb:250 - Set database path to: C:\Users\lenovo\.stmcufinder\plugins\mcufinder//mcu/
2025-06-22 11:38:52,634 [INFO] DbMcusAds:125 - Set database path to: C:\Users\lenovo\.stmcufinder\plugins\mcufinder//mcu/
2025-06-22 11:38:52,639 [INFO] CrossReferenceDbSqlite:203 - Set database path to: C:\Users\lenovo\.stmcufinder\plugins\mcufinder//mcu/cs/
2025-06-22 11:38:53,097 [INFO] RulesReader:64 - Compatibility file has been processed (302 Rules)
2025-06-22 11:38:53,469 [INFO] DbMcusXml:78 - Set database path to: C:\ST\STM32CubeIDE_1.18.1\STM32CubeIDE\plugins\com.st.stm32cube.common.mx_6.14.1.202504091515\\db\/mcu/
2025-06-22 11:38:53,469 [INFO] ApiDb:274 - Set plugin database path to: C:\ST\STM32CubeIDE_1.18.1\STM32CubeIDE\plugins\com.st.stm32cube.common.mx_6.14.1.202504091515\\db\/plugins/boardmanager/
2025-06-22 11:38:53,469 [INFO] ApiDb:261 - Set plugin images path to: C:\ST\STM32CubeIDE_1.18.1\STM32CubeIDE\plugins\com.st.stm32cube.common.mx_6.14.1.202504091515\\db\/plugins/mcufinder/images/
2025-06-22 11:38:53,471 [WARN] DbFile:41 - Overriding database path with different value: C:\Users\lenovo\.stmcufinder\plugins\mcufinder/ => C:\Users\lenovo\.stmcufinder\plugins\mcufinder
2025-06-22 11:38:53,471 [INFO] ApiDb:250 - Set database path to: C:\Users\lenovo\.stmcufinder\plugins\mcufinder//mcu/
2025-06-22 11:38:53,472 [WARN] DbFile:41 - Overriding database path with different value: C:\Users\lenovo\.stmcufinder\plugins\mcufinder/ => C:\Users\lenovo\.stmcufinder\plugins\mcufinder
2025-06-22 11:38:53,472 [INFO] DbMcusAds:125 - Set database path to: C:\Users\lenovo\.stmcufinder\plugins\mcufinder//mcu/
2025-06-22 11:38:53,472 [WARN] DbFile:41 - Overriding database path with different value: C:\Users\lenovo\.stmcufinder\plugins\mcufinder/ => C:\Users\lenovo\.stmcufinder\plugins\mcufinder
2025-06-22 11:38:53,472 [WARN] DbFile:41 - Overriding database path with different value: C:\Users\lenovo\.stmcufinder\plugins\mcufinder/ => C:\Users\lenovo\.stmcufinder\plugins\mcufinder
2025-06-22 11:38:53,472 [INFO] CrossReferenceDbSqlite:203 - Set database path to: C:\Users\lenovo\.stmcufinder\plugins\mcufinder//mcu/cs/
2025-06-22 11:38:53,750 [INFO] MainPanel:272 - HeapMemory: 268435456
2025-06-22 11:38:54,139 [INFO] DbMcusXml:78 - Set database path to: C:\ST\STM32CubeIDE_1.18.1\STM32CubeIDE\plugins\com.st.stm32cube.common.mx_6.14.1.202504091515\\db\/mcu/
2025-06-22 11:38:54,139 [INFO] ApiDb:274 - Set plugin database path to: C:\ST\STM32CubeIDE_1.18.1\STM32CubeIDE\plugins\com.st.stm32cube.common.mx_6.14.1.202504091515\\db\/plugins/boardmanager/
2025-06-22 11:38:54,139 [INFO] ApiDb:261 - Set plugin images path to: C:\ST\STM32CubeIDE_1.18.1\STM32CubeIDE\plugins\com.st.stm32cube.common.mx_6.14.1.202504091515\\db\/plugins/mcufinder/images/
2025-06-22 11:38:54,140 [WARN] DbFile:41 - Overriding database path with different value: C:\Users\lenovo\.stmcufinder\plugins\mcufinder/ => C:\Users\lenovo\.stmcufinder\plugins\mcufinder
2025-06-22 11:38:54,141 [INFO] ApiDb:250 - Set database path to: C:\Users\lenovo\.stmcufinder\plugins\mcufinder//mcu/
2025-06-22 11:38:54,141 [WARN] DbFile:41 - Overriding database path with different value: C:\Users\lenovo\.stmcufinder\plugins\mcufinder/ => C:\Users\lenovo\.stmcufinder\plugins\mcufinder
2025-06-22 11:38:54,142 [INFO] DbMcusAds:125 - Set database path to: C:\Users\lenovo\.stmcufinder\plugins\mcufinder//mcu/
2025-06-22 11:38:54,142 [WARN] DbFile:41 - Overriding database path with different value: C:\Users\lenovo\.stmcufinder\plugins\mcufinder/ => C:\Users\lenovo\.stmcufinder\plugins\mcufinder
2025-06-22 11:38:54,142 [WARN] DbFile:41 - Overriding database path with different value: C:\Users\lenovo\.stmcufinder\plugins\mcufinder/ => C:\Users\lenovo\.stmcufinder\plugins\mcufinder
2025-06-22 11:38:54,143 [INFO] CrossReferenceDbSqlite:203 - Set database path to: C:\Users\lenovo\.stmcufinder\plugins\mcufinder//mcu/cs/
2025-06-22 11:38:54,206 [INFO] ApplicationProperties:184 - Using Application install path: C:\ST\STM32CubeIDE_1.18.1\STM32CubeIDE\plugins\com.st.stm32cube.common.mx_6.14.1.202504091515
2025-06-22 11:38:54,209 [INFO] PluginManage:196 - Search for loadable plugins [exclusion list=, ]
2025-06-22 11:38:54,216 [INFO] PluginManage:310 - Check plugin analytics
2025-06-22 11:38:55,199 [INFO] AnalyticsPlugin:253 - Accepted Software Licenses: 
2025-06-22 11:38:55,200 [INFO] AnalyticsPlugin:255 - Accepted CMSIS Pack Licenses: 
2025-06-22 11:38:55,201 [INFO] AnalyticsPlugin:257 - Accepted Firmware Licenses: 
2025-06-22 11:38:55,210 [INFO] PluginManage:359 - Loaded plugin analytics (category:tool,tabindex:-1)
2025-06-22 11:38:55,211 [INFO] PluginManage:310 - Check plugin cadmodel
2025-06-22 11:38:55,226 [INFO] CADModel:105 - Init CAD model plugin
2025-06-22 11:38:55,227 [INFO] PluginManage:359 - Loaded plugin cadmodel (category:power,tabindex:5)
2025-06-22 11:38:55,227 [INFO] PluginManage:310 - Check plugin clock
2025-06-22 11:38:55,252 [INFO] PluginManage:359 - Loaded plugin clock (category:base,tabindex:2)
2025-06-22 11:38:55,253 [INFO] PluginManage:310 - Check plugin ddr
2025-06-22 11:38:55,259 [INFO] PluginManage:359 - Loaded plugin ddr (category:tool,tabindex:6)
2025-06-22 11:38:55,259 [INFO] PluginManage:310 - Check plugin filemanager
2025-06-22 11:38:55,738 [INFO] PluginManage:359 - Loaded plugin filemanager (category:base,tabindex:10)
2025-06-22 11:38:55,739 [INFO] PluginManage:310 - Check plugin ipmanager
2025-06-22 11:38:55,760 [INFO] PluginManage:359 - Loaded plugin ipmanager (category:base,tabindex:5)
2025-06-22 11:38:55,761 [INFO] PluginManage:310 - Check plugin lpbam
2025-06-22 11:38:55,790 [INFO] PluginManage:359 - Loaded plugin lpbam (category:base,tabindex:0)
2025-06-22 11:38:55,791 [INFO] PluginManage:310 - Check plugin memorymap
2025-06-22 11:38:55,838 [INFO] PluginManage:359 - Loaded plugin memorymap (category:base,tabindex:4)
2025-06-22 11:38:55,839 [INFO] PluginManage:310 - Check plugin pinoutandconfiguration
2025-06-22 11:38:55,865 [INFO] PluginManage:359 - Loaded plugin pinoutandconfiguration (category:base,tabindex:1)
2025-06-22 11:38:55,865 [INFO] PluginManage:310 - Check plugin pinoutconfig
2025-06-22 11:38:56,306 [WARN] SupportedApi:132 - Cannot load RTOS API schema: s4s-elt-must-match.1: The content of 'definitions' must match (annotation?, (simpleType | complexType)?, (unique | key | keyref)*)). A problem was found starting at: attribute.
2025-06-22 11:38:56,820 [INFO] PluginManage:359 - Loaded plugin pinoutconfig (category:base,tabindex:0)
2025-06-22 11:38:56,820 [INFO] PluginManage:310 - Check plugin power
2025-06-22 11:38:56,883 [INFO] PluginManage:359 - Loaded plugin power (category:power,tabindex:4)
2025-06-22 11:38:56,883 [INFO] PluginManage:310 - Check plugin projectmanager
2025-06-22 11:38:56,956 [INFO] PluginManage:359 - Loaded plugin projectmanager (category:projectmanager,tabindex:4)
2025-06-22 11:38:56,958 [INFO] PluginManage:310 - Check plugin rif
2025-06-22 11:38:57,185 [INFO] PluginManage:359 - Loaded plugin rif (category:base,tabindex:3)
2025-06-22 11:38:57,186 [INFO] PluginManage:310 - Check plugin thirdparty
2025-06-22 11:38:57,713 [INFO] PluginManage:359 - Loaded plugin thirdparty (category:base,tabindex:-1)
2025-06-22 11:38:57,714 [INFO] PluginManage:310 - Check plugin tools
2025-06-22 11:38:57,714 [WARN] IntegrityCheckThread:84 - waiting for thirdparty lock release [integrity check]
2025-06-22 11:38:57,716 [INFO] IntegrityCheckThread:86 - entering critical section [integrity check]
2025-06-22 11:38:57,717 [INFO] ThirdPartyUpdaterWithRetryManager:70 - Updater plugin not ready yet. [1/15]
2025-06-22 11:38:57,728 [INFO] PluginManage:359 - Loaded plugin tools (category:base,tabindex:7)
2025-06-22 11:38:57,730 [INFO] PluginManage:310 - Check plugin tutovideos
2025-06-22 11:38:58,337 [INFO] PluginManage:359 - Loaded plugin tutovideos (category:base,tabindex:-1)
2025-06-22 11:38:58,337 [INFO] PluginManage:310 - Check plugin updater
2025-06-22 11:38:58,445 [INFO] PluginManage:359 - Loaded plugin updater (category:base,tabindex:12)
2025-06-22 11:38:58,447 [INFO] PluginManage:310 - Check plugin userauth
2025-06-22 11:38:58,461 [INFO] UserAuth:118 - Init User Auth plugin
2025-06-22 11:38:58,464 [INFO] PluginManage:359 - Loaded plugin userauth (category:base,tabindex:14)
2025-06-22 11:38:58,465 [INFO] PluginManage:283 - PluginManage : Loaded plugins [18]
2025-06-22 11:38:59,211 [INFO] PinOutPanel:1589 - setPackage(No Configuration,No Configuration)
2025-06-22 11:38:59,634 [INFO] CADModel:165 - CPN selected for project level
2025-06-22 11:38:59,637 [INFO] CADModel:114 - Register for checkConnection events
2025-06-22 11:38:59,744 [INFO] IPUIPlugin:80 - create IPUIPlugin
2025-06-22 11:38:59,744 [INFO] PluginManager:220 - loadIPPluginJar : add adc
2025-06-22 11:38:59,753 [INFO] IPUIPlugin:80 - create IPUIPlugin
2025-06-22 11:38:59,753 [INFO] PluginManager:220 - loadIPPluginJar : add aes
2025-06-22 11:38:59,763 [INFO] IPUIPlugin:80 - create IPUIPlugin
2025-06-22 11:38:59,765 [INFO] PluginManager:220 - loadIPPluginJar : add can
2025-06-22 11:38:59,770 [INFO] IPUIPlugin:80 - create IPUIPlugin
2025-06-22 11:38:59,771 [INFO] PluginManager:220 - loadIPPluginJar : add comp
2025-06-22 11:38:59,780 [INFO] IPUIPlugin:80 - create IPUIPlugin
2025-06-22 11:38:59,780 [INFO] PluginManager:220 - loadIPPluginJar : add cryp
2025-06-22 11:38:59,791 [INFO] IPUIPlugin:80 - create IPUIPlugin
2025-06-22 11:38:59,791 [INFO] PluginManager:220 - loadIPPluginJar : add ddr_ctrl_phy
2025-06-22 11:38:59,800 [INFO] IPUIPlugin:80 - create IPUIPlugin
2025-06-22 11:38:59,801 [INFO] PluginManager:220 - loadIPPluginJar : add dfsdm
2025-06-22 11:38:59,820 [INFO] IPUIPlugin:80 - create IPUIPlugin
2025-06-22 11:38:59,822 [INFO] PluginManager:220 - loadIPPluginJar : add dma
2025-06-22 11:38:59,838 [INFO] IPUIPlugin:80 - create IPUIPlugin
2025-06-22 11:38:59,838 [INFO] PluginManager:220 - loadIPPluginJar : add dma3
2025-06-22 11:38:59,845 [INFO] IPUIPlugin:80 - create IPUIPlugin
2025-06-22 11:38:59,846 [INFO] PluginManager:220 - loadIPPluginJar : add extmemmanager
2025-06-22 11:38:59,850 [INFO] IPUIPlugin:80 - create IPUIPlugin
2025-06-22 11:38:59,851 [INFO] PluginManager:220 - loadIPPluginJar : add fatfs
2025-06-22 11:38:59,864 [INFO] IPUIPlugin:80 - create IPUIPlugin
2025-06-22 11:38:59,865 [INFO] PluginManager:220 - loadIPPluginJar : add fmc
2025-06-22 11:38:59,883 [INFO] IPUIPlugin:80 - create IPUIPlugin
2025-06-22 11:38:59,884 [INFO] PluginManager:220 - loadIPPluginJar : add freertos
2025-06-22 11:38:59,888 [INFO] IPUIPlugin:80 - create IPUIPlugin
2025-06-22 11:38:59,889 [INFO] PluginManager:220 - loadIPPluginJar : add genericplugin
2025-06-22 11:38:59,895 [INFO] IPUIPlugin:80 - create IPUIPlugin
2025-06-22 11:38:59,895 [INFO] PluginManager:220 - loadIPPluginJar : add gfxmmu
2025-06-22 11:38:59,907 [INFO] IPUIPlugin:80 - create IPUIPlugin
2025-06-22 11:38:59,908 [INFO] PluginManager:220 - loadIPPluginJar : add gic
2025-06-22 11:38:59,917 [INFO] IPUIPlugin:80 - create IPUIPlugin
2025-06-22 11:38:59,918 [INFO] PluginManager:220 - loadIPPluginJar : add gpio
2025-06-22 11:38:59,929 [INFO] IPUIPlugin:80 - create IPUIPlugin
2025-06-22 11:38:59,929 [INFO] PluginManager:220 - loadIPPluginJar : add gtzc
2025-06-22 11:38:59,947 [INFO] IPUIPlugin:80 - create IPUIPlugin
2025-06-22 11:38:59,948 [INFO] PluginManager:220 - loadIPPluginJar : add hash
2025-06-22 11:38:59,968 [INFO] IPUIPlugin:80 - create IPUIPlugin
2025-06-22 11:38:59,968 [INFO] PluginManager:220 - loadIPPluginJar : add i2c
2025-06-22 11:38:59,982 [INFO] IPUIPlugin:80 - create IPUIPlugin
2025-06-22 11:38:59,983 [INFO] PluginManager:220 - loadIPPluginJar : add i2s
2025-06-22 11:39:00,007 [INFO] IPUIPlugin:80 - create IPUIPlugin
2025-06-22 11:39:00,008 [INFO] PluginManager:220 - loadIPPluginJar : add i3c
2025-06-22 11:39:00,025 [INFO] IPUIPlugin:80 - create IPUIPlugin
2025-06-22 11:39:00,027 [INFO] PluginManager:220 - loadIPPluginJar : add ipddr
2025-06-22 11:39:00,068 [INFO] IPUIPlugin:80 - create IPUIPlugin
2025-06-22 11:39:00,076 [INFO] PluginManager:220 - loadIPPluginJar : add linkedlist
2025-06-22 11:39:00,088 [INFO] IPUIPlugin:80 - create IPUIPlugin
2025-06-22 11:39:00,088 [INFO] PluginManager:220 - loadIPPluginJar : add lorawan
2025-06-22 11:39:00,097 [INFO] IPUIPlugin:80 - create IPUIPlugin
2025-06-22 11:39:00,097 [INFO] PluginManager:220 - loadIPPluginJar : add ltdc
2025-06-22 11:39:00,120 [INFO] IPUIPlugin:80 - create IPUIPlugin
2025-06-22 11:39:00,121 [INFO] PluginManager:220 - loadIPPluginJar : add mdma
2025-06-22 11:39:00,141 [INFO] IPUIPlugin:80 - create IPUIPlugin
2025-06-22 11:39:00,142 [INFO] PluginManager:220 - loadIPPluginJar : add nvic
2025-06-22 11:39:00,152 [INFO] IPUIPlugin:80 - create IPUIPlugin
2025-06-22 11:39:00,153 [INFO] PluginManager:220 - loadIPPluginJar : add opamp
2025-06-22 11:39:00,170 [INFO] IPUIPlugin:80 - create IPUIPlugin
2025-06-22 11:39:00,170 [INFO] PluginManager:220 - loadIPPluginJar : add openamp
2025-06-22 11:39:00,178 [INFO] IPUIPlugin:80 - create IPUIPlugin
2025-06-22 11:39:00,179 [INFO] PluginManager:220 - loadIPPluginJar : add pdm2pcm
2025-06-22 11:39:00,193 [INFO] IPUIPlugin:80 - create IPUIPlugin
2025-06-22 11:39:00,199 [INFO] PluginManager:220 - loadIPPluginJar : add plateformsettings
2025-06-22 11:39:00,204 [INFO] IPUIPlugin:80 - create IPUIPlugin
2025-06-22 11:39:00,204 [INFO] PluginManager:220 - loadIPPluginJar : add quadspi
2025-06-22 11:39:00,209 [INFO] IPUIPlugin:80 - create IPUIPlugin
2025-06-22 11:39:00,210 [INFO] PluginManager:220 - loadIPPluginJar : add radio
2025-06-22 11:39:00,221 [INFO] IPUIPlugin:80 - create IPUIPlugin
2025-06-22 11:39:00,221 [INFO] PluginManager:220 - loadIPPluginJar : add resmgrutility
2025-06-22 11:39:00,231 [INFO] IPUIPlugin:80 - create IPUIPlugin
2025-06-22 11:39:00,232 [INFO] PluginManager:220 - loadIPPluginJar : add sai
2025-06-22 11:39:00,239 [INFO] IPUIPlugin:80 - create IPUIPlugin
2025-06-22 11:39:00,240 [INFO] PluginManager:220 - loadIPPluginJar : add spi
2025-06-22 11:39:00,256 [INFO] IPUIPlugin:80 - create IPUIPlugin
2025-06-22 11:39:00,257 [INFO] PluginManager:220 - loadIPPluginJar : add stm32_wpan
2025-06-22 11:39:00,262 [INFO] IPUIPlugin:80 - create IPUIPlugin
2025-06-22 11:39:00,263 [INFO] PluginManager:220 - loadIPPluginJar : add tim
2025-06-22 11:39:00,272 [INFO] IPUIPlugin:80 - create IPUIPlugin
2025-06-22 11:39:00,272 [INFO] PluginManager:220 - loadIPPluginJar : add touchsensing
2025-06-22 11:39:00,282 [INFO] IPUIPlugin:80 - create IPUIPlugin
2025-06-22 11:39:00,283 [INFO] PluginManager:220 - loadIPPluginJar : add tracer_emb
2025-06-22 11:39:00,289 [INFO] IPUIPlugin:80 - create IPUIPlugin
2025-06-22 11:39:00,290 [INFO] PluginManager:220 - loadIPPluginJar : add ts
2025-06-22 11:39:00,298 [INFO] IPUIPlugin:80 - create IPUIPlugin
2025-06-22 11:39:00,299 [INFO] PluginManager:220 - loadIPPluginJar : add tsc
2025-06-22 11:39:00,306 [INFO] IPUIPlugin:80 - create IPUIPlugin
2025-06-22 11:39:00,306 [INFO] PluginManager:220 - loadIPPluginJar : add ucpd
2025-06-22 11:39:00,315 [INFO] IPUIPlugin:80 - create IPUIPlugin
2025-06-22 11:39:00,316 [INFO] PluginManager:220 - loadIPPluginJar : add usart
2025-06-22 11:39:00,327 [INFO] IPUIPlugin:80 - create IPUIPlugin
2025-06-22 11:39:00,328 [INFO] PluginManager:220 - loadIPPluginJar : add usbx
2025-06-22 11:39:00,610 [FATAL] Updater:351 - Updater called before beeing initialized
2025-06-22 11:39:00,709 [INFO] RulesReader:64 - Compatibility file has been processed (302 Rules)
2025-06-22 11:39:00,732 [INFO] ThirdPartyUpdaterWithRetryManager:70 - Updater plugin not ready yet. [2/15]
2025-06-22 11:39:00,755 [INFO] RulesReader:64 - Compatibility file has been processed (302 Rules)
2025-06-22 11:39:00,805 [INFO] CADModel:165 - CPN selected for project level
2025-06-22 11:39:00,806 [INFO] CADModel:114 - Register for checkConnection events
2025-06-22 11:39:00,806 [FATAL] Updater:351 - Updater called before beeing initialized
2025-06-22 11:39:00,807 [ERROR] CADModel:125 - Updater not yet initialized, retry later 
2025-06-22 11:39:01,299 [FATAL] Updater:351 - Updater called before beeing initialized
2025-06-22 11:39:01,306 [INFO] CADModel:165 - CPN selected for project level
2025-06-22 11:39:01,307 [INFO] CADModel:114 - Register for checkConnection events
2025-06-22 11:39:01,307 [FATAL] Updater:351 - Updater called before beeing initialized
2025-06-22 11:39:01,307 [ERROR] CADModel:125 - Updater not yet initialized, retry later 
2025-06-22 11:39:01,321 [FATAL] Updater:351 - Updater called before beeing initialized
2025-06-22 11:39:01,916 [FATAL] Updater:351 - Updater called before beeing initialized
2025-06-22 11:39:01,936 [INFO] DbMcusAds:53 - JSON generation date=Thu Jun 19 14:02:34 IST 2025 (1750321954415)
2025-06-22 11:39:01,937 [FATAL] Updater:351 - Updater called before beeing initialized
2025-06-22 11:39:02,060 [WARN] DetailPanel:346 - Failed to get advertising image, set to default
2025-06-22 11:39:02,773 [FATAL] Updater:351 - Updater called before beeing initialized
2025-06-22 11:39:02,781 [FATAL] Updater:351 - Updater called before beeing initialized
2025-06-22 11:39:02,782 [FATAL] Updater:351 - Updater called before beeing initialized
2025-06-22 11:39:02,782 [WARN] DetailPanel:346 - Failed to get advertising image, set to default
2025-06-22 11:39:02,786 [FATAL] Updater:351 - Updater called before beeing initialized
2025-06-22 11:39:02,987 [ERROR] Updater:1198 - MainUpdater not yet initialized. External WinMGr cannot be set.
2025-06-22 11:39:02,993 [INFO] Updater:1134 - Updater Version found : 6.14.1
2025-06-22 11:39:03,061 [INFO] ApplicationProperties:184 - Using Application install path: C:\ST\STM32CubeIDE_1.18.1\STM32CubeIDE\plugins\com.st.stm32cube.common.mx_6.14.1.202504091515
2025-06-22 11:39:03,747 [FATAL] Updater:351 - Updater called before beeing initialized
2025-06-22 11:39:03,748 [ERROR] IntegrityCheckThread:130 - Cannot retrieve database content from updater: error 21
2025-06-22 11:39:03,748 [INFO] ThirdParty:978 - Integrity check success = false
2025-06-22 11:39:03,749 [INFO] IntegrityCheckThread:100 - exiting critical section [integrity check]
2025-06-22 11:39:03,749 [INFO] IntegrityCheckThread:103 - End integrity checks thread
2025-06-22 11:39:04,722 [ERROR] LogOutputStream:75 - [STDERR_REDIRECT] Jun 22, 2025 11:39:04 AM java.util.prefs.WindowsPreferences <init>
2025-06-22 11:39:04,728 [ERROR] LogOutputStream:75 - [STDERR_REDIRECT] WARNING: Could not open/create prefs root node Software\JavaSoft\Prefs at root 0xffffffff80000002. Windows RegCreateKeyEx(...) returned error code 5.
2025-06-22 11:39:04,728 [ERROR] LogOutputStream:75 - [STDERR_REDIRECT] 
2025-06-22 11:39:05,825 [INFO] MainUpdater:2872 - connection check result : 10
2025-06-22 11:39:05,826 [INFO] MainUpdater:289 - Updater Check For Update Now.
2025-06-22 11:39:05,827 [INFO] MicroXplorer:498 - Change Database Version : DB.6.0.141
2025-06-22 11:39:05,868 [INFO] McuFinderGlobals:63 - Set McuFinder mode to 2 (CubeIDE integrated)
2025-06-22 11:39:05,870 [INFO] UserAuth:171 - activating auth plugin
2025-06-22 11:39:05,889 [INFO] UserAuth:484 - Internet connection configuration mode: 1
2025-06-22 11:39:06,010 [INFO] JxBrowserEngine:152 - Initiate JxBrowser Engine with user profile folder
2025-06-22 11:39:06,372 [INFO] CheckServerUpdateThread:120 - End of CheckServer Thread
2025-06-22 11:39:08,591 [INFO] WebApp:169 - Instantiating new browser for Auth
2025-06-22 11:39:10,058 [INFO] WebApp:463 - Apply proxy settings
2025-06-22 11:39:10,059 [INFO] WebApp:548 - Chromium requires no authentication
2025-06-22 11:39:10,079 [INFO] WebApp:491 - Direct internet connection detected
2025-06-22 11:39:10,133 [INFO] WebApp:894 - Register for checkConnection events
2025-06-22 11:39:10,134 [INFO] WebApp:463 - Apply proxy settings
2025-06-22 11:39:10,134 [INFO] WebApp:548 - Chromium requires no authentication
2025-06-22 11:39:10,135 [INFO] WebApp:491 - Direct internet connection detected
2025-06-22 11:39:10,416 [INFO] WebApp:191 - Connection restablished
2025-06-22 11:39:10,734 [INFO] WebApp:225 - Starting web application
2025-06-22 11:39:10,736 [INFO] WebApp:593 - Web application path used C:\ST\STM32CubeIDE_1.18.1\STM32CubeIDE\plugins\com.st.stm32cube.common.mx_6.14.1.202504091515\db\plugins\mcufinder\reactClient1\index.html
2025-06-22 23:11:02,592 [INFO] WebApp:194 - Connection lost
2025-06-22 23:11:02,823 [INFO] WebApp:191 - Connection restablished
2025-06-22 23:20:47,074 [INFO] WebApp:194 - Connection lost
2025-06-22 23:20:47,246 [INFO] WebApp:191 - Connection restablished
